\BOOKMARK [0][-]{section*.6}{\376\377\000L\000i\000s\000t\000\040\000o\000f\000\040\000F\000i\000g\000u\000r\000e\000s}{}% 1
\BOOKMARK [0][-]{section*.11}{\376\377\000L\000i\000s\000t\000\040\000o\000f\000\040\000T\000a\000b\000l\000e\000s}{}% 2
\BOOKMARK [0][-]{chapter*.14}{\376\377\000N\000o\000m\000e\000n\000c\000l\000a\000t\000u\000r\000e}{}% 3
\BOOKMARK [0][-]{chapter.1}{\376\377\000I\000n\000t\000r\000o\000d\000u\000c\000t\000i\000o\000n}{}% 4
\BOOKMARK [0][-]{chapter.2}{\376\377\000T\000i\000m\000e\000-\000F\000r\000e\000q\000u\000e\000n\000c\000y\000\040\000A\000n\000a\000l\000y\000s\000e\000s}{}% 5
\BOOKMARK [1][-]{section.2.1}{\376\377\000F\000o\000u\000r\000i\000e\000r\000\040\000T\000r\000a\000n\000s\000f\000o\000r\000m\000s}{chapter.2}% 6
\BOOKMARK [1][-]{section.2.2}{\376\377\000C\000o\000n\000s\000t\000r\000u\000c\000t\000i\000n\000g\000\040\000F\000i\000l\000t\000e\000r\000s}{chapter.2}% 7
\BOOKMARK [1][-]{section.2.3}{\376\377\000W\000a\000v\000e\000l\000e\000t\000\040\000F\000i\000l\000t\000e\000r\000s}{chapter.2}% 8
\BOOKMARK [0][-]{chapter.3}{\376\377\000W\000a\000v\000e\000l\000e\000t\000\040\000T\000r\000a\000n\000s\000f\000o\000r\000m\000s\000\040\000a\000s\000\040\000a\000\040\000F\000o\000u\000r\000i\000e\000r\000\040\000A\000l\000t\000e\000r\000n\000a\000t\000i\000v\000e}{}% 9
\BOOKMARK [1][-]{section.3.1}{\376\377\000I\000n\000t\000r\000o\000d\000u\000c\000t\000i\000o\000n}{chapter.3}% 10
\BOOKMARK [1][-]{section.3.2}{\376\377\000F\000a\000l\000s\000e\000\040\000B\000a\000y\000\040\000D\000a\000t\000a}{chapter.3}% 11
\BOOKMARK [1][-]{section.3.3}{\376\377\000S\000p\000e\000c\000t\000r\000a\000l\000\040\000E\000n\000t\000r\000o\000p\000y}{chapter.3}% 12
\BOOKMARK [2][-]{subsection.3.3.1}{\376\377\000S\000T\000F\000T}{section.3.3}% 13
\BOOKMARK [2][-]{subsection.3.3.2}{\376\377\000C\000W\000T}{section.3.3}% 14
\BOOKMARK [1][-]{section.3.4}{\376\377\000S\000i\000g\000n\000a\000l\000\040\000d\000e\000t\000e\000c\000t\000i\000o\000n}{chapter.3}% 15
\BOOKMARK [2][-]{subsection.3.4.1}{\376\377\000K\000-\000m\000e\000a\000n\000s}{section.3.4}% 16
\BOOKMARK [2][-]{subsection.3.4.2}{\376\377\000S\000o\000f\000t\000\040\000O\000u\000t\000p\000u\000t}{section.3.4}% 17
\BOOKMARK [2][-]{subsection.3.4.3}{\376\377\000M\000e\000d\000i\000a\000n\000\040\000F\000i\000l\000t\000e\000r\000i\000n\000g}{section.3.4}% 18
\BOOKMARK [1][-]{section.3.5}{\376\377\000S\000i\000m\000u\000l\000a\000t\000i\000o\000n}{chapter.3}% 19
\BOOKMARK [2][-]{subsection.3.5.1}{\376\377\000P\000u\000r\000p\000o\000s\000e}{section.3.5}% 20
\BOOKMARK [2][-]{subsection.3.5.2}{\376\377\000S\000e\000t\000u\000p}{section.3.5}% 21
\BOOKMARK [2][-]{subsection.3.5.3}{\376\377\000M\000e\000a\000s\000u\000r\000i\000n\000g\000\040\000S\000o\000f\000t\000-\000O\000u\000t\000p\000u\000t\000\040\000A\000c\000c\000u\000r\000a\000c\000y}{section.3.5}% 22
\BOOKMARK [2][-]{subsection.3.5.4}{\376\377\000R\000e\000s\000u\000l\000t\000s}{section.3.5}% 23
\BOOKMARK [2][-]{subsection.3.5.5}{\376\377\000A\000\040\000N\000o\000t\000e\000\040\000o\000n\000\040\000L\0002\000\040\000N\000o\000r\000m\000a\000l\000i\000z\000a\000t\000i\000o\000n}{section.3.5}% 24
\BOOKMARK [1][-]{section.3.6}{\376\377\000A\000p\000p\000l\000i\000c\000a\000t\000i\000o\000n\000\040\000t\000o\000\040\000t\000h\000e\000\040\000F\000a\000l\000s\000e\000\040\000B\000a\000y\000\040\000D\000a\000t\000a}{chapter.3}% 25
\BOOKMARK [1][-]{section.3.7}{\376\377\000D\000i\000s\000c\000u\000s\000s\000i\000o\000n}{chapter.3}% 26
\BOOKMARK [1][-]{section.3.8}{\376\377\000C\000o\000n\000c\000l\000u\000s\000i\000o\000n}{chapter.3}% 27
\BOOKMARK [1][-]{section.3.9}{\376\377\000A\000c\000k\000n\000o\000w\000l\000e\000d\000g\000e\000m\000e\000n\000t\000s}{chapter.3}% 28
\BOOKMARK [1][-]{section.3.9}{\376\377\000A\000p\000p\000e\000n\000d\000i\000c\000e\000s}{chapter.3}% 29
\BOOKMARK [1][-]{section.1.3.A}{\376\377\000K\000-\000m\000e\000a\000n\000s\000\040\000I\000m\000p\000l\000e\000m\000e\000n\000t\000a\000t\000i\000o\000n}{chapter.3}% 30
\BOOKMARK [0][-]{appendix.4}{\376\377\000F\000e\000a\000t\000u\000r\000e\000\040\000E\000x\000t\000r\000a\000c\000t\000i\000o\000n\000\040\000w\000i\000t\000h\000\040\000W\000a\000v\000e\000l\000e\000t\000\040\000T\000r\000a\000n\000s\000f\000o\000r\000m\000s}{}% 31
\BOOKMARK [1][-]{section.4.1}{\376\377\000T\000h\000e\000\040\000I\000m\000p\000o\000r\000t\000a\000n\000c\000e\000\040\000o\000f\000\040\000I\000n\000v\000a\000r\000i\000a\000n\000c\000e}{appendix.4}% 32
\BOOKMARK [1][-]{section.4.2}{\376\377\000M\000F\000C\000C\000s\000\040\000R\000e\000f\000r\000a\000m\000e\000d\000\040\000a\000s\000\040\000S\000h\000i\000f\000t\000-\000I\000n\000v\000a\000r\000i\000a\000n\000t\000\040\000F\000e\000a\000t\000u\000r\000e\000s}{appendix.4}% 33
\BOOKMARK [1][-]{section.4.3}{\376\377\000W\000a\000v\000e\000l\000e\000t\000s\000\040\000a\000s\000\040\000a\000\040\000M\000F\000C\000C\000\040\000G\000e\000n\000e\000r\000a\000l\000i\000s\000a\000t\000i\000o\000n}{appendix.4}% 34
\BOOKMARK [0][-]{appendix.5}{\376\377\000I\000n\000t\000r\000o\000d\000u\000c\000i\000n\000g\000\040\000W\000a\000v\000e\000l\000e\000t\000\040\000S\000c\000a\000t\000t\000e\000r\000i\000n\000g}{}% 35
\BOOKMARK [1][-]{section.5.1}{\376\377\000I\000n\000t\000r\000o\000d\000u\000c\000t\000i\000o\000n}{appendix.5}% 36
\BOOKMARK [1][-]{section.5.2}{\376\377\000D\000a\000t\000a}{appendix.5}% 37
\BOOKMARK [1][-]{section.5.3}{\376\377\000W\000a\000v\000e\000l\000e\000t\000\040\000S\000c\000a\000t\000t\000e\000r\000i\000n\000g}{appendix.5}% 38
\BOOKMARK [2][-]{subsection.5.3.1}{\376\377\000F\000i\000l\000t\000e\000r\000\040\000B\000a\000n\000k\000\040\000C\000o\000n\000s\000t\000r\000u\000c\000t\000i\000o\000n}{section.5.3}% 39
\BOOKMARK [2][-]{subsection.5.3.2}{\376\377\000S\000c\000a\000t\000t\000e\000r\000i\000n\000g\000\040\000T\000r\000a\000n\000s\000f\000o\000r\000m}{section.5.3}% 40
\BOOKMARK [1][-]{section.5.4}{\376\377\000I\000m\000p\000r\000o\000v\000e\000d\000\040\000S\000p\000e\000c\000t\000r\000a\000l\000\040\000E\000n\000t\000r\000o\000p\000y\000\040\000D\000e\000t\000e\000c\000t\000o\000r}{appendix.5}% 41
\BOOKMARK [2][-]{subsection.5.4.1}{\376\377\000S\000p\000e\000c\000t\000r\000a\000l\000\040\000E\000n\000t\000r\000o\000p\000y}{section.5.4}% 42
\BOOKMARK [2][-]{subsection.5.4.2}{\376\377\000I\000m\000p\000r\000o\000v\000i\000n\000g\000\040\000S\000E\000\040\000R\000o\000b\000u\000s\000t\000n\000e\000s\000s}{section.5.4}% 43
\BOOKMARK [2][-]{subsection.5.4.3}{\376\377\000G\000M\000M\000\040\000A\000u\000t\000o\000m\000a\000t\000i\000c\000\040\000T\000h\000r\000e\000s\000h\000o\000l\000d\000\040\000S\000e\000l\000e\000c\000t\000i\000o\000n}{section.5.4}% 44
\BOOKMARK [2][-]{subsection.5.4.4}{\376\377\000P\000r\000o\000b\000l\000e\000m\000s\000\040\000w\000i\000t\000h\000\040\000t\000h\000e\000\040\000P\000o\000s\000t\000e\000r\000i\000o\000r}{section.5.4}% 45
\BOOKMARK [2][-]{subsection.5.4.5}{\376\377\000M\000e\000t\000h\000o\000d}{section.5.4}% 46
\BOOKMARK [2][-]{subsection.5.4.6}{\376\377\000R\000e\000s\000u\000l\000t\000s}{section.5.4}% 47
\BOOKMARK [2][-]{subsection.5.4.7}{\376\377\000D\000i\000s\000c\000u\000s\000s\000i\000o\000n}{section.5.4}% 48
\BOOKMARK [1][-]{section.5.5}{\376\377\000C\000l\000a\000s\000s\000i\000f\000i\000c\000a\000t\000i\000o\000n}{appendix.5}% 49
\BOOKMARK [2][-]{subsection.5.5.1}{\376\377\000F\000e\000a\000t\000u\000r\000e\000\040\000E\000x\000t\000r\000a\000c\000t\000i\000o\000n}{section.5.5}% 50
\BOOKMARK [2][-]{subsection.5.5.2}{\376\377\000L\000i\000n\000e\000a\000r\000\040\000D\000i\000s\000c\000i\000m\000i\000n\000a\000n\000t\000\040\000A\000n\000a\000l\000y\000s\000i\000s}{section.5.5}% 51
\BOOKMARK [2][-]{subsection.5.5.3}{\376\377\000R\000e\000s\000u\000l\000t\000s}{section.5.5}% 52
\BOOKMARK [2][-]{subsection.5.5.4}{\376\377\000D\000i\000s\000c\000u\000s\000s\000i\000o\000n}{section.5.5}% 53
\BOOKMARK [1][-]{section.5.6}{\376\377\000C\000o\000n\000c\000l\000u\000s\000i\000o\000n}{appendix.5}% 54
\BOOKMARK [1][-]{section.5.6}{\376\377\000A\000p\000p\000e\000n\000d\000i\000c\000e\000s}{appendix.5}% 55
\BOOKMARK [1][-]{section.2.5.A}{\376\377\000C\000o\000n\000d\000i\000t\000i\000o\000n\000s\000\040\000o\000f\000\040\000M\000o\000n\000o\000t\000o\000n\000i\000c\000i\000t\000y\000\040\000o\000f\000\040\000t\000h\000e\000\040\000G\000M\000M\000\040\000P\000o\000s\000t\000e\000r\000i\000o\000r}{appendix.5}% 56
\BOOKMARK [1][-]{section.2.5.B}{\376\377\000S\000u\000m\000m\000a\000r\000y\000\040\000o\000f\000\040\000p\000a\000r\000a\000m\000e\000t\000e\000r\000\040\000v\000a\000l\000u\000e\000s}{appendix.5}% 57
\BOOKMARK [0][-]{appendix.6}{\376\377\000W\000a\000v\000e\000l\000e\000t\000\040\000S\000c\000a\000t\000t\000e\000r\000i\000n\000g\000\040\000i\000n\000\040\000H\000i\000g\000h\000e\000r\000\040\000D\000i\000m\000e\000n\000s\000i\000o\000n\000s}{}% 58
\BOOKMARK [1][-]{section.6.1}{\376\377\000T\000y\000p\000e\000s\000\040\000o\000f\000\040\000S\000c\000a\000t\000t\000e\000r\000i\000n\000g\000\040\000T\000r\000a\000n\000s\000f\000o\000r\000m\000s}{appendix.6}% 59
\BOOKMARK [1][-]{section.6.2}{\376\377\000A\000\040\000D\000e\000t\000a\000i\000l\000e\000d\000\040\000v\000i\000e\000w\000\040\000o\000f\000\040\000J\000o\000i\000n\000t\000\040\000T\000i\000m\000e\000-\000F\000r\000e\000q\000u\000e\000n\000c\000y\000\040\000S\000c\000a\000t\000t\000e\000r\000i\000n\000g}{appendix.6}% 60
\BOOKMARK [1][-]{section.6.3}{\376\377\000T\000h\000e\000\040\000B\000e\000n\000e\000f\000i\000t\000s\000\040\000o\000f\000\040\000G\000e\000n\000e\000r\000a\000l\000i\000s\000i\000n\000g\000\040\000J\000o\000i\000n\000t\000\040\000T\000i\000m\000e\000-\000F\000r\000e\000q\000u\000e\000n\000c\000y}{appendix.6}% 61
\BOOKMARK [0][-]{appendix.7}{\376\377\000S\000e\000p\000a\000r\000a\000b\000l\000e\000\040\000W\000a\000v\000e\000l\000e\000t\000\040\000S\000c\000a\000t\000t\000e\000r\000i\000n\000g}{}% 62
\BOOKMARK [1][-]{section.7.1}{\376\377\000I\000n\000t\000r\000o\000d\000u\000c\000t\000i\000o\000n}{appendix.7}% 63
\BOOKMARK [1][-]{section.7.2}{\376\377\000S\000e\000p\000a\000r\000a\000b\000l\000e\000\040\000M\000o\000r\000l\000e\000t\000\040\000F\000i\000l\000t\000e\000r\000b\000a\000n\000k}{appendix.7}% 64
\BOOKMARK [2][-]{subsection.7.2.1}{\376\377\000M\000o\000r\000l\000e\000t}{section.7.2}% 65
\BOOKMARK [2][-]{subsection.7.2.2}{\376\377\0001\000D\000\040\000F\000i\000l\000t\000e\000r\000b\000a\000n\000k\000\040\000C\000o\000n\000s\000t\000r\000u\000c\000t\000i\000o\000n}{section.7.2}% 66
\BOOKMARK [1][-]{section.7.3}{\376\377\000S\000e\000p\000a\000r\000a\000b\000l\000e\000\040\000S\000c\000a\000t\000t\000e\000r\000i\000n\000g\000\040\000T\000r\000a\000n\000s\000f\000o\000r\000m}{appendix.7}% 67
\BOOKMARK [2][-]{subsection.7.3.1}{\376\377\000T\000r\000a\000n\000s\000f\000o\000r\000m}{section.7.3}% 68
\BOOKMARK [2][-]{subsection.7.3.2}{\376\377\000D\000o\000w\000n\000s\000a\000m\000p\000l\000i\000n\000g\000\040\000S\000t\000r\000a\000t\000e\000g\000y}{section.7.3}% 69
\BOOKMARK [2][-]{subsection.7.3.3}{\376\377\000C\000o\000n\000v\000o\000l\000u\000t\000i\000o\000n\000s}{section.7.3}% 70
\BOOKMARK [1][-]{section.7.4}{\376\377\000R\000e\000s\000u\000l\000t\000s}{appendix.7}% 71
\BOOKMARK [2][-]{subsection.7.4.1}{\376\377\000M\000N\000I\000S\000T}{section.7.4}% 72
\BOOKMARK [2][-]{subsection.7.4.2}{\376\377\000M\000e\000d\000M\000N\000I\000S\000T\0003\000D}{section.7.4}% 73
\BOOKMARK [0][-]{appendix.8}{\376\377\000C\000o\000n\000c\000l\000u\000s\000i\000o\000n}{}% 74
\BOOKMARK [0][-]{section*.79}{\376\377\000B\000i\000b\000l\000i\000o\000g\000r\000a\000p\000h\000y}{}% 75
