This is pdfTeX, Version 3.141592653-2.6-1.40.26 (MiKTeX 24.4) (preloaded format=pdflatex 2024.5.14)  18 MAY 2024 14:31
entering extended mode
 restricted \write18 enabled.
 file:line:error style messages enabled.
 %&-line parsing enabled.
**/home/marco/Repos/phd/dissertation/main.tex
(/home/marco/Repos/phd/dissertation/main.tex
LaTeX2e <2023-11-01> patch level 1
L3 programming layer <2024-04-11>
(/home/marco/.miktex/texmfs/install/tex/latex/stellenbosch-2/stb-thesis.cls
Document Class: stb-thesis 2023/09/01v1.3Stellenbosh Thesis class (DNJ ELS)
(/home/marco/.miktex/texmfs/install/tex/latex/tools/calc.sty
Package: calc 2023/07/08 v4.3 Infix arithmetic (KKT,FJ)
\calc@Acount=\count189
\calc@Bcount=\count190
\calc@Adimen=\dimen140
\calc@Bdimen=\dimen141
\calc@Askip=\skip48
\calc@Bskip=\skip49
LaTeX Info: Redefining \setlength on input line 80.
LaTeX Info: Redefining \addtolength on input line 81.
\calc@Ccount=\count191
\calc@Cskip=\skip50
) (/home/marco/.miktex/texmfs/install/tex/generic/iftex/ifpdf.sty
Package: ifpdf 2019/10/25 v3.4 ifpdf legacy package. Use iftex instead.
 (/home/marco/.miktex/texmfs/install/tex/generic/iftex/iftex.sty
Package: iftex 2022/02/03 v1.0f TeX engine tests
))
Class stb-thesis Info: Input file 'stb-thesis.afr' loaded on input line 96.
 (/home/marco/.miktex/texmfs/install/tex/latex/stellenbosch-2/stb-thesis.afr
File: stb_thesis_afr 2023/01/10 v1.0 stb_thesis Afr defs (DNJ Els)
)
Class stb-thesis Info: Input file 'stb-thesis.eng' loaded on input line 99.
 (/home/marco/.miktex/texmfs/install/tex/latex/stellenbosch-2/stb-thesis.eng
File: stb_thesis_afr 2023/01/10 v1.0 stb_thesis Eng defs (DNJ Els)
) (/home/marco/.miktex/texmfs/install/tex/latex/base/book.cls
Document Class: book 2023/05/17 v1.4n Standard LaTeX document class
(/home/marco/.miktex/texmfs/install/tex/latex/base/bk11.clo
File: bk11.clo 2023/05/17 v1.4n Standard LaTeX file (size option)
)
\c@part=\count192
\c@chapter=\count193
\c@section=\count194
\c@subsection=\count195
\c@subsubsection=\count196
\c@paragraph=\count197
\c@subparagraph=\count198
\c@figure=\count199
\c@table=\count266
\abovecaptionskip=\skip51
\belowcaptionskip=\skip52
\bibindent=\dimen142
)
\STB@tdima=\skip53
\STB@tdimb=\skip54
\STB@tboxa=\box51
\STB@tboxb=\box52
\c@STB@tcnta=\count267
\c@STB@tcntb=\count268
\STB@month=\count269
\STB@year=\count270
) (/home/marco/.miktex/texmfs/install/tex/generic/babel/babel.sty
Package: babel 2024/04/20 v24.4 The Babel package
\babel@savecnt=\count271
\U@D=\dimen143
\l@unhyphenated=\language1
 (/home/marco/.miktex/texmfs/install/tex/generic/babel/txtbabel.def)
\bbl@readstream=\read2
\bbl@dirlevel=\count272

*************************************
* Local config file bblopts.cfg used
*
(/home/marco/.miktex/texmfs/install/tex/latex/arabi/bblopts.cfg
File: bblopts.cfg 2005/09/08 v0.1 add Arabic and Farsi to "declared" options of babel
) (/home/marco/.miktex/texmfs/install/tex/latex/babel-dutch/afrikaans.ldf
Language: dutch 2021/08/29 v3.8l Dutch support from the babel system


Package babel Warning: No hyphenation patterns were preloaded for
(babel)                the language 'Afrikaans' into the format.
(babel)                Please, configure your TeX system to add them and
(babel)                rebuild the format. Now I will use the patterns
(babel)                preloaded for \language=0 instead on input line 91.

Package babel Info: Making " an active character on input line 127.
) (/home/marco/.miktex/texmfs/install/tex/latex/babel-english/UKenglish.ldf
Language: UKenglish 2017/06/06 v3.3r English support from the babel system
 (/home/marco/.miktex/texmfs/install/tex/latex/babel-english/english.ldf
Language: english 2017/06/06 v3.3r English support from the babel system
)) (/home/marco/.miktex/texmfs/install/tex/latex/babel-english/english.ldf
Language: english 2017/06/06 v3.3r English support from the babel system
)) (/home/marco/.miktex/texmfs/install/tex/generic/babel/locale/en/babel-english.tex
Package babel Info: Importing font and identification data for english
(babel)             from babel-en.ini. Reported on input line 11.
) (/home/marco/.miktex/texmfs/install/tex/generic/babel/locale/en/babel-ukenglish.tex
Package babel Info: Importing font and identification data for UKenglish
(babel)             from babel-en-GB.ini. Reported on input line 11.
) (/home/marco/.miktex/texmfs/install/tex/generic/babel/locale/af/babel-afrikaans.tex
Package babel Info: Importing font and identification data for afrikaans
(babel)             from babel-af.ini. Reported on input line 11.
)

Package Babel Warning: The package option `english' should not be used
(Babel)                with a more specific one (like `UKenglish') on input line 8.

(/home/marco/.miktex/texmfs/install/tex/latex/graphics/graphicx.sty
Package: graphicx 2021/09/16 v1.2d Enhanced LaTeX Graphics (DPC,SPQR)
 (/home/marco/.miktex/texmfs/install/tex/latex/graphics/keyval.sty
Package: keyval 2022/05/29 v1.15 key=value parser (DPC)
\KV@toks@=\toks17
) (/home/marco/.miktex/texmfs/install/tex/latex/graphics/graphics.sty
Package: graphics 2022/03/10 v1.4e Standard LaTeX Graphics (DPC,SPQR)
 (/home/marco/.miktex/texmfs/install/tex/latex/graphics/trig.sty
Package: trig 2021/08/11 v1.11 sin cos tan (DPC)
) (/home/marco/.miktex/texmfs/install/tex/latex/graphics-cfg/graphics.cfg
File: graphics.cfg 2016/06/04 v1.11 sample graphics configuration
)
Package graphics Info: Driver file: pdftex.def on input line 107.
 (/home/marco/.miktex/texmfs/install/tex/latex/graphics-def/pdftex.def
File: pdftex.def 2024/04/13 v1.2c Graphics/color driver for pdftex
))
\Gin@req@height=\dimen144
\Gin@req@width=\dimen145
) (/home/marco/.miktex/texmfs/install/tex/latex/base/inputenc.sty
Package: inputenc 2021/02/14 v1.3d Input encoding file
\inpenc@prehook=\toks18
\inpenc@posthook=\toks19
) (/home/marco/.miktex/texmfs/install/tex/latex/setspace/setspace.sty
Package: setspace 2022/12/04 v6.7b set line spacing
) (/home/marco/.miktex/texmfs/install/tex/latex/graphics/color.sty
Package: color 2022/01/06 v1.3d Standard LaTeX Color (DPC)
 (/home/marco/.miktex/texmfs/install/tex/latex/graphics-cfg/color.cfg
File: color.cfg 2016/01/02 v1.6 sample color configuration
)
Package color Info: Driver file: pdftex.def on input line 149.
 (/home/marco/.miktex/texmfs/install/tex/latex/graphics/mathcolor.ltx)) (/home/marco/.miktex/texmfs/install/tex/latex/parskip/parskip.sty
Package: parskip 2021-03-14 v2.0h non-zero parskip adjustments
 (/home/marco/.miktex/texmfs/install/tex/latex/kvoptions/kvoptions.sty
Package: kvoptions 2022-06-15 v3.15 Key value format for package options (HO)
 (/home/marco/.miktex/texmfs/install/tex/generic/ltxcmds/ltxcmds.sty
Package: ltxcmds 2023-12-04 v1.26 LaTeX kernel commands for general use (HO)
) (/home/marco/.miktex/texmfs/install/tex/latex/kvsetkeys/kvsetkeys.sty
Package: kvsetkeys 2022-10-05 v1.19 Key value parser (HO)
)) (/home/marco/.miktex/texmfs/install/tex/latex/etoolbox/etoolbox.sty
Package: etoolbox 2020/10/05 v2.5k e-TeX tools for LaTeX (JAW)
\etb@tempcnta=\count273
)) (/home/marco/.miktex/texmfs/install/tex/latex/amsfonts/amssymb.sty
Package: amssymb 2013/01/14 v3.01 AMS font symbols
 (/home/marco/.miktex/texmfs/install/tex/latex/amsfonts/amsfonts.sty
Package: amsfonts 2013/01/14 v3.01 Basic AMSFonts support
\@emptytoks=\toks20
\symAMSa=\mathgroup4
\symAMSb=\mathgroup5
LaTeX Font Info:    Redeclaring math symbol \hbar on input line 98.
LaTeX Font Info:    Overwriting math alphabet `\mathfrak' in version `bold'
(Font)                  U/euf/m/n --> U/euf/b/n on input line 106.
)) (/home/marco/.miktex/texmfs/install/tex/latex/tools/bm.sty
Package: bm 2023/07/08 v1.2f Bold Symbol Support (DPC/FMi)
\symboldoperators=\mathgroup6
\symboldletters=\mathgroup7
\symboldsymbols=\mathgroup8
Package bm Info: No bold for \OMX/cmex/m/n, using \pmb.
Package bm Info: No bold for \U/msa/m/n, using \pmb.
Package bm Info: No bold for \U/msb/m/n, using \pmb.
LaTeX Font Info:    Redeclaring math alphabet \mathbf on input line 149.
) (/home/marco/.miktex/texmfs/install/tex/latex/hyperref/hyperref.sty
Package: hyperref 2024-01-20 v7.01h Hypertext links for LaTeX
 (/home/marco/.miktex/texmfs/install/tex/generic/kvdefinekeys/kvdefinekeys.sty
Package: kvdefinekeys 2019-12-19 v1.6 Define keys (HO)
) (/home/marco/.miktex/texmfs/install/tex/generic/pdfescape/pdfescape.sty
Package: pdfescape 2019/12/09 v1.15 Implements pdfTeX's escape features (HO)
 (/home/marco/.miktex/texmfs/install/tex/generic/pdftexcmds/pdftexcmds.sty
Package: pdftexcmds 2020-06-27 v0.33 Utility functions of pdfTeX for LuaTeX (HO)
 (/home/marco/.miktex/texmfs/install/tex/generic/infwarerr/infwarerr.sty
Package: infwarerr 2019/12/03 v1.5 Providing info/warning/error messages (HO)
)
Package pdftexcmds Info: \pdf@primitive is available.
Package pdftexcmds Info: \pdf@ifprimitive is available.
Package pdftexcmds Info: \pdfdraftmode found.
)) (/home/marco/.miktex/texmfs/install/tex/latex/hycolor/hycolor.sty
Package: hycolor 2020-01-27 v1.10 Color options for hyperref/bookmark (HO)
) (/home/marco/.miktex/texmfs/install/tex/latex/auxhook/auxhook.sty
Package: auxhook 2019-12-17 v1.6 Hooks for auxiliary files (HO)
) (/home/marco/.miktex/texmfs/install/tex/latex/hyperref/nameref.sty
Package: nameref 2023-11-26 v2.56 Cross-referencing by name of section
 (/home/marco/.miktex/texmfs/install/tex/latex/refcount/refcount.sty
Package: refcount 2019/12/15 v3.6 Data extraction from label references (HO)
) (/home/marco/.miktex/texmfs/install/tex/generic/gettitlestring/gettitlestring.sty
Package: gettitlestring 2019/12/15 v1.6 Cleanup title references (HO)
)
\c@section@level=\count274
)
\@linkdim=\dimen146
\Hy@linkcounter=\count275
\Hy@pagecounter=\count276
 (/home/marco/.miktex/texmfs/install/tex/latex/hyperref/pd1enc.def
File: pd1enc.def 2024-01-20 v7.01h Hyperref: PDFDocEncoding definition (HO)
Now handling font encoding PD1 ...
... no UTF-8 mapping file for font encoding PD1
) (/home/marco/.miktex/texmfs/install/tex/generic/intcalc/intcalc.sty
Package: intcalc 2019/12/15 v1.3 Expandable calculations with integers (HO)
)
\Hy@SavedSpaceFactor=\count277
 (/home/marco/.miktex/texmfs/install/tex/latex/hyperref/puenc.def
File: puenc.def 2024-01-20 v7.01h Hyperref: PDF Unicode definition (HO)
Now handling font encoding PU ...
... no UTF-8 mapping file for font encoding PU
)
Package hyperref Info: Hyper figures OFF on input line 4179.
Package hyperref Info: Link nesting OFF on input line 4184.
Package hyperref Info: Hyper index ON on input line 4187.
Package hyperref Info: Plain pages OFF on input line 4194.
Package hyperref Info: Backreferencing OFF on input line 4199.
Package hyperref Info: Implicit mode ON; LaTeX internals redefined.
Package hyperref Info: Bookmarks ON on input line 4446.
\c@Hy@tempcnt=\count278
 (/home/marco/.miktex/texmfs/install/tex/latex/url/url.sty
\Urlmuskip=\muskip16
Package: url 2013/09/16  ver 3.4  Verb mode for urls, etc.
)
LaTeX Info: Redefining \url on input line 4784.
\XeTeXLinkMargin=\dimen147
 (/home/marco/.miktex/texmfs/install/tex/generic/bitset/bitset.sty
Package: bitset 2019/12/09 v1.3 Handle bit-vector datatype (HO)
 (/home/marco/.miktex/texmfs/install/tex/generic/bigintcalc/bigintcalc.sty
Package: bigintcalc 2019/12/15 v1.5 Expandable calculations on big integers (HO)
))
\Fld@menulength=\count279
\Field@Width=\dimen148
\Fld@charsize=\dimen149
Package hyperref Info: Hyper figures OFF on input line 6063.
Package hyperref Info: Link nesting OFF on input line 6068.
Package hyperref Info: Hyper index ON on input line 6071.
Package hyperref Info: backreferencing OFF on input line 6078.
Package hyperref Info: Link coloring OFF on input line 6083.
Package hyperref Info: Link coloring with OCG OFF on input line 6088.
Package hyperref Info: PDF/A mode OFF on input line 6093.
 (/home/marco/.miktex/texmfs/install/tex/latex/base/atbegshi-ltx.sty
Package: atbegshi-ltx 2021/01/10 v1.0c Emulation of the original atbegshi
package with kernel methods
)
\Hy@abspage=\count280
\c@Item=\count281
\c@Hfootnote=\count282
)
Package hyperref Info: Driver (autodetected): hpdftex.
 (/home/marco/.miktex/texmfs/install/tex/latex/hyperref/hpdftex.def
File: hpdftex.def 2024-01-20 v7.01h Hyperref driver for pdfTeX
 (/home/marco/.miktex/texmfs/install/tex/latex/base/atveryend-ltx.sty
Package: atveryend-ltx 2020/08/19 v1.0a Emulation of the original atveryend package
with kernel methods
)
\Fld@listcount=\count283
\c@bookmark@seq@number=\count284
 (/home/marco/.miktex/texmfs/install/tex/latex/rerunfilecheck/rerunfilecheck.sty
Package: rerunfilecheck 2022-07-10 v1.10 Rerun checks for auxiliary files (HO)
 (/home/marco/.miktex/texmfs/install/tex/generic/uniquecounter/uniquecounter.sty
Package: uniquecounter 2019/12/15 v1.4 Provide unlimited unique counter (HO)
)
Package uniquecounter Info: New unique counter `rerunfilecheck' on input line 285.
)
\Hy@SectionHShift=\skip55
) (/home/marco/.miktex/texmfs/install/tex/latex/stellenbosch-2/stb-bib.sty
Package: stb-bib 2023/01/16 1.0 (DNJ Els)
 (/home/marco/.miktex/texmfs/install/tex/latex/natbib/natbib.sty
Package: natbib 2010/09/13 8.31b (PWD, AO)
\bibhang=\skip56
\bibsep=\skip57
LaTeX Info: Redefining \cite on input line 694.
\c@NAT@ctr=\count285
)) (paper1.sty
Package: paper1 
 (/home/marco/.miktex/texmfs/install/tex/latex/pgf/frontendlayer/tikz.sty (/home/marco/.miktex/texmfs/install/tex/latex/pgf/basiclayer/pgf.sty (/home/marco/.miktex/texmfs/install/tex/latex/pgf/utilities/pgfrcs.sty (/home/marco/.miktex/texmfs/install/tex/generic/pgf/utilities/pgfutil-common.tex
\pgfutil@everybye=\toks21
\pgfutil@tempdima=\dimen150
\pgfutil@tempdimb=\dimen151
) (/home/marco/.miktex/texmfs/install/tex/generic/pgf/utilities/pgfutil-latex.def
\pgfutil@abb=\box53
) (/home/marco/.miktex/texmfs/install/tex/generic/pgf/utilities/pgfrcs.code.tex (/home/marco/.miktex/texmfs/install/tex/generic/pgf/pgf.revision.tex)
Package: pgfrcs 2023-01-15 v3.1.10 (3.1.10)
))
Package: pgf 2023-01-15 v3.1.10 (3.1.10)
 (/home/marco/.miktex/texmfs/install/tex/latex/pgf/basiclayer/pgfcore.sty (/home/marco/.miktex/texmfs/install/tex/latex/pgf/systemlayer/pgfsys.sty (/home/marco/.miktex/texmfs/install/tex/generic/pgf/systemlayer/pgfsys.code.tex
Package: pgfsys 2023-01-15 v3.1.10 (3.1.10)
 (/home/marco/.miktex/texmfs/install/tex/generic/pgf/utilities/pgfkeys.code.tex
\pgfkeys@pathtoks=\toks22
\pgfkeys@temptoks=\toks23
 (/home/marco/.miktex/texmfs/install/tex/generic/pgf/utilities/pgfkeyslibraryfiltered.code.tex
\pgfkeys@tmptoks=\toks24
))
\pgf@x=\dimen152
\pgf@y=\dimen153
\pgf@xa=\dimen154
\pgf@ya=\dimen155
\pgf@xb=\dimen156
\pgf@yb=\dimen157
\pgf@xc=\dimen158
\pgf@yc=\dimen159
\pgf@xd=\dimen160
\pgf@yd=\dimen161
\w@pgf@writea=\write3
\r@pgf@reada=\read3
\c@pgf@counta=\count286
\c@pgf@countb=\count287
\c@pgf@countc=\count288
\c@pgf@countd=\count289
\t@pgf@toka=\toks25
\t@pgf@tokb=\toks26
\t@pgf@tokc=\toks27
\pgf@sys@id@count=\count290
 (/home/marco/.miktex/texmfs/install/tex/generic/pgf/systemlayer/pgf.cfg
File: pgf.cfg 2023-01-15 v3.1.10 (3.1.10)
)
Driver file for pgf: pgfsys-pdftex.def
 (/home/marco/.miktex/texmfs/install/tex/generic/pgf/systemlayer/pgfsys-pdftex.def
File: pgfsys-pdftex.def 2023-01-15 v3.1.10 (3.1.10)
 (/home/marco/.miktex/texmfs/install/tex/generic/pgf/systemlayer/pgfsys-common-pdf.def
File: pgfsys-common-pdf.def 2023-01-15 v3.1.10 (3.1.10)
))) (/home/marco/.miktex/texmfs/install/tex/generic/pgf/systemlayer/pgfsyssoftpath.code.tex
File: pgfsyssoftpath.code.tex 2023-01-15 v3.1.10 (3.1.10)
\pgfsyssoftpath@smallbuffer@items=\count291
\pgfsyssoftpath@bigbuffer@items=\count292
) (/home/marco/.miktex/texmfs/install/tex/generic/pgf/systemlayer/pgfsysprotocol.code.tex
File: pgfsysprotocol.code.tex 2023-01-15 v3.1.10 (3.1.10)
)) (/home/marco/.miktex/texmfs/install/tex/latex/xcolor/xcolor.sty
Package: xcolor 2023/11/15 v3.01 LaTeX color extensions (UK)
 (/home/marco/.miktex/texmfs/install/tex/latex/graphics-cfg/color.cfg
File: color.cfg 2016/01/02 v1.6 sample color configuration
)
Package xcolor Info: Driver file: pdftex.def on input line 274.
LaTeX Info: Redefining \color on input line 758.
 (/home/marco/.miktex/texmfs/install/tex/latex/graphics/mathcolor.ltx)
Package xcolor Info: Model `cmy' substituted by `cmy0' on input line 1350.
Package xcolor Info: Model `hsb' substituted by `rgb' on input line 1354.
Package xcolor Info: Model `RGB' extended on input line 1366.
Package xcolor Info: Model `HTML' substituted by `rgb' on input line 1368.
Package xcolor Info: Model `Hsb' substituted by `hsb' on input line 1369.
Package xcolor Info: Model `tHsb' substituted by `hsb' on input line 1370.
Package xcolor Info: Model `HSB' substituted by `hsb' on input line 1371.
Package xcolor Info: Model `Gray' substituted by `gray' on input line 1372.
Package xcolor Info: Model `wave' substituted by `hsb' on input line 1373.
) (/home/marco/.miktex/texmfs/install/tex/generic/pgf/basiclayer/pgfcore.code.tex
Package: pgfcore 2023-01-15 v3.1.10 (3.1.10)
 (/home/marco/.miktex/texmfs/install/tex/generic/pgf/math/pgfmath.code.tex (/home/marco/.miktex/texmfs/install/tex/generic/pgf/math/pgfmathutil.code.tex) (/home/marco/.miktex/texmfs/install/tex/generic/pgf/math/pgfmathparser.code.tex
\pgfmath@dimen=\dimen162
\pgfmath@count=\count293
\pgfmath@box=\box54
\pgfmath@toks=\toks28
\pgfmath@stack@operand=\toks29
\pgfmath@stack@operation=\toks30
) (/home/marco/.miktex/texmfs/install/tex/generic/pgf/math/pgfmathfunctions.code.tex) (/home/marco/.miktex/texmfs/install/tex/generic/pgf/math/pgfmathfunctions.basic.code.tex) (/home/marco/.miktex/texmfs/install/tex/generic/pgf/math/pgfmathfunctions.trigonometric.code.tex) (/home/marco/.miktex/texmfs/install/tex/generic/pgf/math/pgfmathfunctions.random.code.tex) (/home/marco/.miktex/texmfs/install/tex/generic/pgf/math/pgfmathfunctions.comparison.code.tex) (/home/marco/.miktex/texmfs/install/tex/generic/pgf/math/pgfmathfunctions.base.code.tex) (/home/marco/.miktex/texmfs/install/tex/generic/pgf/math/pgfmathfunctions.round.code.tex) (/home/marco/.miktex/texmfs/install/tex/generic/pgf/math/pgfmathfunctions.misc.code.tex) (/home/marco/.miktex/texmfs/install/tex/generic/pgf/math/pgfmathfunctions.integerarithmetics.code.tex) (/home/marco/.miktex/texmfs/install/tex/generic/pgf/math/pgfmathcalc.code.tex) (/home/marco/.miktex/texmfs/install/tex/generic/pgf/math/pgfmathfloat.code.tex
\c@pgfmathroundto@lastzeros=\count294
)) (/home/marco/.miktex/texmfs/install/tex/generic/pgf/math/pgfint.code.tex) (/home/marco/.miktex/texmfs/install/tex/generic/pgf/basiclayer/pgfcorepoints.code.tex
File: pgfcorepoints.code.tex 2023-01-15 v3.1.10 (3.1.10)
\pgf@picminx=\dimen163
\pgf@picmaxx=\dimen164
\pgf@picminy=\dimen165
\pgf@picmaxy=\dimen166
\pgf@pathminx=\dimen167
\pgf@pathmaxx=\dimen168
\pgf@pathminy=\dimen169
\pgf@pathmaxy=\dimen170
\pgf@xx=\dimen171
\pgf@xy=\dimen172
\pgf@yx=\dimen173
\pgf@yy=\dimen174
\pgf@zx=\dimen175
\pgf@zy=\dimen176
) (/home/marco/.miktex/texmfs/install/tex/generic/pgf/basiclayer/pgfcorepathconstruct.code.tex
File: pgfcorepathconstruct.code.tex 2023-01-15 v3.1.10 (3.1.10)
\pgf@path@lastx=\dimen177
\pgf@path@lasty=\dimen178
) (/home/marco/.miktex/texmfs/install/tex/generic/pgf/basiclayer/pgfcorepathusage.code.tex
File: pgfcorepathusage.code.tex 2023-01-15 v3.1.10 (3.1.10)
\pgf@shorten@end@additional=\dimen179
\pgf@shorten@start@additional=\dimen180
) (/home/marco/.miktex/texmfs/install/tex/generic/pgf/basiclayer/pgfcorescopes.code.tex
File: pgfcorescopes.code.tex 2023-01-15 v3.1.10 (3.1.10)
\pgfpic=\box55
\pgf@hbox=\box56
\pgf@layerbox@main=\box57
\pgf@picture@serial@count=\count295
) (/home/marco/.miktex/texmfs/install/tex/generic/pgf/basiclayer/pgfcoregraphicstate.code.tex
File: pgfcoregraphicstate.code.tex 2023-01-15 v3.1.10 (3.1.10)
\pgflinewidth=\dimen181
) (/home/marco/.miktex/texmfs/install/tex/generic/pgf/basiclayer/pgfcoretransformations.code.tex
File: pgfcoretransformations.code.tex 2023-01-15 v3.1.10 (3.1.10)
\pgf@pt@x=\dimen182
\pgf@pt@y=\dimen183
\pgf@pt@temp=\dimen184
) (/home/marco/.miktex/texmfs/install/tex/generic/pgf/basiclayer/pgfcorequick.code.tex
File: pgfcorequick.code.tex 2023-01-15 v3.1.10 (3.1.10)
) (/home/marco/.miktex/texmfs/install/tex/generic/pgf/basiclayer/pgfcoreobjects.code.tex
File: pgfcoreobjects.code.tex 2023-01-15 v3.1.10 (3.1.10)
) (/home/marco/.miktex/texmfs/install/tex/generic/pgf/basiclayer/pgfcorepathprocessing.code.tex
File: pgfcorepathprocessing.code.tex 2023-01-15 v3.1.10 (3.1.10)
) (/home/marco/.miktex/texmfs/install/tex/generic/pgf/basiclayer/pgfcorearrows.code.tex
File: pgfcorearrows.code.tex 2023-01-15 v3.1.10 (3.1.10)
\pgfarrowsep=\dimen185
) (/home/marco/.miktex/texmfs/install/tex/generic/pgf/basiclayer/pgfcoreshade.code.tex
File: pgfcoreshade.code.tex 2023-01-15 v3.1.10 (3.1.10)
\pgf@max=\dimen186
\pgf@sys@shading@range@num=\count296
\pgf@shadingcount=\count297
) (/home/marco/.miktex/texmfs/install/tex/generic/pgf/basiclayer/pgfcoreimage.code.tex
File: pgfcoreimage.code.tex 2023-01-15 v3.1.10 (3.1.10)
) (/home/marco/.miktex/texmfs/install/tex/generic/pgf/basiclayer/pgfcoreexternal.code.tex
File: pgfcoreexternal.code.tex 2023-01-15 v3.1.10 (3.1.10)
\pgfexternal@startupbox=\box58
) (/home/marco/.miktex/texmfs/install/tex/generic/pgf/basiclayer/pgfcorelayers.code.tex
File: pgfcorelayers.code.tex 2023-01-15 v3.1.10 (3.1.10)
) (/home/marco/.miktex/texmfs/install/tex/generic/pgf/basiclayer/pgfcoretransparency.code.tex
File: pgfcoretransparency.code.tex 2023-01-15 v3.1.10 (3.1.10)
) (/home/marco/.miktex/texmfs/install/tex/generic/pgf/basiclayer/pgfcorepatterns.code.tex
File: pgfcorepatterns.code.tex 2023-01-15 v3.1.10 (3.1.10)
) (/home/marco/.miktex/texmfs/install/tex/generic/pgf/basiclayer/pgfcorerdf.code.tex
File: pgfcorerdf.code.tex 2023-01-15 v3.1.10 (3.1.10)
))) (/home/marco/.miktex/texmfs/install/tex/generic/pgf/modules/pgfmoduleshapes.code.tex
File: pgfmoduleshapes.code.tex 2023-01-15 v3.1.10 (3.1.10)
\pgfnodeparttextbox=\box59
) (/home/marco/.miktex/texmfs/install/tex/generic/pgf/modules/pgfmoduleplot.code.tex
File: pgfmoduleplot.code.tex 2023-01-15 v3.1.10 (3.1.10)
) (/home/marco/.miktex/texmfs/install/tex/latex/pgf/compatibility/pgfcomp-version-0-65.sty
Package: pgfcomp-version-0-65 2023-01-15 v3.1.10 (3.1.10)
\pgf@nodesepstart=\dimen187
\pgf@nodesepend=\dimen188
) (/home/marco/.miktex/texmfs/install/tex/latex/pgf/compatibility/pgfcomp-version-1-18.sty
Package: pgfcomp-version-1-18 2023-01-15 v3.1.10 (3.1.10)
)) (/home/marco/.miktex/texmfs/install/tex/latex/pgf/utilities/pgffor.sty (/home/marco/.miktex/texmfs/install/tex/latex/pgf/utilities/pgfkeys.sty (/home/marco/.miktex/texmfs/install/tex/generic/pgf/utilities/pgfkeys.code.tex)) (/home/marco/.miktex/texmfs/install/tex/latex/pgf/math/pgfmath.sty (/home/marco/.miktex/texmfs/install/tex/generic/pgf/math/pgfmath.code.tex)) (/home/marco/.miktex/texmfs/install/tex/generic/pgf/utilities/pgffor.code.tex
Package: pgffor 2023-01-15 v3.1.10 (3.1.10)
\pgffor@iter=\dimen189
\pgffor@skip=\dimen190
\pgffor@stack=\toks31
\pgffor@toks=\toks32
)) (/home/marco/.miktex/texmfs/install/tex/generic/pgf/frontendlayer/tikz/tikz.code.tex
Package: tikz 2023-01-15 v3.1.10 (3.1.10)
 (/home/marco/.miktex/texmfs/install/tex/generic/pgf/libraries/pgflibraryplothandlers.code.tex
File: pgflibraryplothandlers.code.tex 2023-01-15 v3.1.10 (3.1.10)
\pgf@plot@mark@count=\count298
\pgfplotmarksize=\dimen191
)
\tikz@lastx=\dimen192
\tikz@lasty=\dimen193
\tikz@lastxsaved=\dimen194
\tikz@lastysaved=\dimen195
\tikz@lastmovetox=\dimen196
\tikz@lastmovetoy=\dimen197
\tikzleveldistance=\dimen198
\tikzsiblingdistance=\dimen199
\tikz@figbox=\box60
\tikz@figbox@bg=\box61
\tikz@tempbox=\box62
\tikz@tempbox@bg=\box63
\tikztreelevel=\count299
\tikznumberofchildren=\count300
\tikznumberofcurrentchild=\count301
\tikz@fig@count=\count302
 (/home/marco/.miktex/texmfs/install/tex/generic/pgf/modules/pgfmodulematrix.code.tex
File: pgfmodulematrix.code.tex 2023-01-15 v3.1.10 (3.1.10)
\pgfmatrixcurrentrow=\count303
\pgfmatrixcurrentcolumn=\count304
\pgf@matrix@numberofcolumns=\count305
)
\tikz@expandcount=\count306
 (/home/marco/.miktex/texmfs/install/tex/generic/pgf/frontendlayer/tikz/libraries/tikzlibrarytopaths.code.tex
File: tikzlibrarytopaths.code.tex 2023-01-15 v3.1.10 (3.1.10)
))) (/home/marco/.miktex/texmfs/install/tex/generic/pgf/frontendlayer/tikz/libraries/tikzlibrarypositioning.code.tex
File: tikzlibrarypositioning.code.tex 2023-01-15 v3.1.10 (3.1.10)
)) (paper2.sty
Package: paper2 
 (/home/marco/.miktex/texmfs/install/tex/latex/amsmath/amsmath.sty
Package: amsmath 2023/05/13 v2.17o AMS math features
\@mathmargin=\skip58

For additional information on amsmath, use the `?' option.
(/home/marco/.miktex/texmfs/install/tex/latex/amsmath/amstext.sty
Package: amstext 2021/08/26 v2.01 AMS text
 (/home/marco/.miktex/texmfs/install/tex/latex/amsmath/amsgen.sty
File: amsgen.sty 1999/11/30 v2.0 generic functions
\@emptytoks=\toks33
\ex@=\dimen256
)) (/home/marco/.miktex/texmfs/install/tex/latex/amsmath/amsbsy.sty
Package: amsbsy 1999/11/29 v1.2d Bold Symbols
LaTeX Info: Redefining \boldsymbol on input line 28.
\pmbraise@=\dimen257
) (/home/marco/.miktex/texmfs/install/tex/latex/amsmath/amsopn.sty
Package: amsopn 2022/04/08 v2.04 operator names
)
\inf@bad=\count307
LaTeX Info: Redefining \frac on input line 234.
\uproot@=\count308
\leftroot@=\count309
LaTeX Info: Redefining \overline on input line 399.
LaTeX Info: Redefining \colon on input line 410.
\classnum@=\count310
\DOTSCASE@=\count311
LaTeX Info: Redefining \ldots on input line 496.
LaTeX Info: Redefining \dots on input line 499.
LaTeX Info: Redefining \cdots on input line 620.
\Mathstrutbox@=\box64
\strutbox@=\box65
LaTeX Info: Redefining \big on input line 722.
LaTeX Info: Redefining \Big on input line 723.
LaTeX Info: Redefining \bigg on input line 724.
LaTeX Info: Redefining \Bigg on input line 725.
\big@size=\dimen258
LaTeX Font Info:    Redeclaring font encoding OML on input line 743.
LaTeX Font Info:    Redeclaring font encoding OMS on input line 744.
\macc@depth=\count312
LaTeX Info: Redefining \bmod on input line 905.
LaTeX Info: Redefining \pmod on input line 910.
LaTeX Info: Redefining \smash on input line 940.
LaTeX Info: Redefining \relbar on input line 970.
LaTeX Info: Redefining \Relbar on input line 971.
\c@MaxMatrixCols=\count313
\dotsspace@=\muskip17
\c@parentequation=\count314
\dspbrk@lvl=\count315
\tag@help=\toks34
\row@=\count316
\column@=\count317
\maxfields@=\count318
\andhelp@=\toks35
\eqnshift@=\dimen259
\alignsep@=\dimen260
\tagshift@=\dimen261
\tagwidth@=\dimen262
\totwidth@=\dimen263
\lineht@=\dimen264
\@envbody=\toks36
\multlinegap=\skip59
\multlinetaggap=\skip60
\mathdisplay@stack=\toks37
LaTeX Info: Redefining \[ on input line 2953.
LaTeX Info: Redefining \] on input line 2954.
) (/home/marco/.miktex/texmfs/install/tex/latex/acronym/acronym.sty
Package: acronym 2020/04/17 v1.47 Support for acronyms (Tobias Oetiker)
 (/home/marco/.miktex/texmfs/install/tex/latex/bigfoot/suffix.sty
Package: suffix 2006/07/15 1.5a Variant command support
) (/home/marco/.miktex/texmfs/install/tex/latex/xstring/xstring.sty (/home/marco/.miktex/texmfs/install/tex/generic/xstring/xstring.tex
\xs_counta=\count319
\xs_countb=\count320
)
Package: xstring 2023/08/22 v1.86 String manipulations (CT)
)
\AC@clearlist=\toks38
) (/home/marco/.miktex/texmfs/install/tex/latex/epstopdf-pkg/epstopdf.sty
Package: epstopdf 2020-01-24 v2.11 Conversion with epstopdf on the fly (HO)
 (/home/marco/.miktex/texmfs/install/tex/latex/grfext/grfext.sty
Package: grfext 2019/12/03 v1.3 Manage graphics extensions (HO)
) (/home/marco/.miktex/texmfs/install/tex/latex/epstopdf-pkg/epstopdf-base.sty
Package: epstopdf-base 2020-01-24 v2.11 Base part for package epstopdf
Package epstopdf-base Info: Redefining graphics rule for `.eps' on input line 485.
Package grfext Info: Graphics extension search list:
(grfext)             [.pdf,.png,.jpg,.mps,.jpeg,.jbig2,.jb2,.PDF,.PNG,.JPG,.JPEG,.JBIG2,.JB2,.eps]
(grfext)             \AppendGraphicsExtensions on input line 504.
 (/home/marco/.miktex/texmfs/install/tex/latex/00miktex/epstopdf-sys.cfg
File: epstopdf-sys.cfg 2021/03/18 v2.0 Configuration of epstopdf for MiKTeX
))) (/home/marco/.miktex/texmfs/install/tex/latex/caption/subcaption.sty
Package: subcaption 2023/07/28 v1.6b Sub-captions (AR)
 (/home/marco/.miktex/texmfs/install/tex/latex/caption/caption.sty
Package: caption 2023/08/05 v3.6o Customizing captions (AR)
 (/home/marco/.miktex/texmfs/install/tex/latex/caption/caption3.sty
Package: caption3 2023/07/31 v2.4d caption3 kernel (AR)
\caption@tempdima=\dimen265
\captionmargin=\dimen266
\caption@leftmargin=\dimen267
\caption@rightmargin=\dimen268
\caption@width=\dimen269
\caption@indent=\dimen270
\caption@parindent=\dimen271
\caption@hangindent=\dimen272
Package caption Info: Unknown document class (or package),
(caption)             standard defaults will be used.
Package caption Info: \@makecaption = \long macro:#1#2->\vskip \abovecaptionskip \sbox \@tempboxa {\small {\bfseries #1:} #2}\ifdim \wd \@tempboxa >\hsize \unhbox \@tempboxa \par \else \global \@minipagefalse \hb@xt@ \hsize {\hfil \box \@tempboxa \hfil }\fi \vskip \belowcaptionskip  on input line 1175.
)

Package caption Warning: Unknown document class (or package),
(caption)                standard defaults will be used.
See the caption package documentation for explanation.

\c@caption@flags=\count321
\c@continuedfloat=\count322
Package caption Info: hyperref package is loaded.
)
Package caption Info: New subtype `subfigure' on input line 238.
\c@subfigure=\count323
Package caption Info: New subtype `subtable' on input line 238.
\c@subtable=\count324
) (/home/marco/.miktex/texmfs/install/tex/latex/multirow/multirow.sty
Package: multirow 2021/03/15 v2.8 Span multiple rows of a table
\multirow@colwidth=\skip61
\multirow@cntb=\count325
\multirow@dima=\skip62
\bigstrutjot=\dimen273
) (/home/marco/.miktex/texmfs/install/tex/latex/was/upgreek.sty
Package: upgreek 2003/02/12 v2.0 (WaS)
Package upgreek Info: Using Euler Roman for upright Greek on input line 31.
\symugrf@m=\mathgroup9
LaTeX Font Info:    Overwriting symbol font `ugrf@m' in version `bold'
(Font)                  U/eur/m/n --> U/eur/b/n on input line 38.
)) (paper3.sty
Package: paper3 
 (/home/marco/.miktex/texmfs/install/tex/latex/mathtools/mathtools.sty
Package: mathtools 2024/03/11 v1.30 mathematical typesetting tools
 (/home/marco/.miktex/texmfs/install/tex/latex/mathtools/mhsetup.sty
Package: mhsetup 2021/03/18 v1.4 programming setup (MH)
)
\g_MT_multlinerow_int=\count326
\l_MT_multwidth_dim=\dimen274
\origjot=\skip63
\l_MT_shortvdotswithinadjustabove_dim=\dimen275
\l_MT_shortvdotswithinadjustbelow_dim=\dimen276
\l_MT_above_intertext_sep=\dimen277
\l_MT_below_intertext_sep=\dimen278
\l_MT_above_shortintertext_sep=\dimen279
\l_MT_below_shortintertext_sep=\dimen280
\xmathstrut@box=\box66
\xmathstrut@dim=\dimen281
) (/home/marco/.miktex/texmfs/install/tex/latex/extarrows/extarrows.sty
Package: extarrows 2020/03/12 v1.2.0 Some extensible arrows
) (/home/marco/.miktex/texmfs/install/tex/latex/algorithms/algorithm.sty
Package: algorithm 2009/08/24 v0.1 Document Style `algorithm' - floating environment
 (/home/marco/.miktex/texmfs/install/tex/latex/float/float.sty
Package: float 2001/11/08 v1.3d Float enhancements (AL)
\c@float@type=\count327
\float@exts=\toks39
\float@box=\box67
\@float@everytoks=\toks40
\@floatcapt=\box68
) (/home/marco/.miktex/texmfs/install/tex/latex/base/ifthen.sty
Package: ifthen 2022/04/13 v1.1d Standard LaTeX ifthen package (DPC)
)
\@float@every@algorithm=\toks41
\c@algorithm=\count328
) (/home/marco/.miktex/texmfs/install/tex/latex/algorithmicx/algpseudocode.sty
Package: algpseudocode 
 (/home/marco/.miktex/texmfs/install/tex/latex/algorithmicx/algorithmicx.sty
Package: algorithmicx 2005/04/27 v1.2 Algorithmicx

Document Style algorithmicx 1.2 - a greatly improved `algorithmic' style
\c@ALG@line=\count329
\c@ALG@rem=\count330
\c@ALG@nested=\count331
\ALG@tlm=\skip64
\ALG@thistlm=\skip65
\c@ALG@Lnr=\count332
\c@ALG@blocknr=\count333
\c@ALG@storecount=\count334
\c@ALG@tmpcounter=\count335
\ALG@tmplength=\skip66
)
Document Style - pseudocode environments for use with the `algorithmicx' style
) (/home/marco/.miktex/texmfs/install/tex/latex/adjustbox/adjustbox.sty
Package: adjustbox 2022/10/17 v1.3a Adjusting TeX boxes (trim, clip, ...)
 (/home/marco/.miktex/texmfs/install/tex/latex/xkeyval/xkeyval.sty
Package: xkeyval 2022/06/16 v2.9 package option processing (HA)
 (/home/marco/.miktex/texmfs/install/tex/generic/xkeyval/xkeyval.tex (/home/marco/.miktex/texmfs/install/tex/generic/xkeyval/xkvutils.tex
\XKV@toks=\toks42
\XKV@tempa@toks=\toks43
)
\XKV@depth=\count336
File: xkeyval.tex 2014/12/03 v2.7a key=value parser (HA)
)) (/home/marco/.miktex/texmfs/install/tex/latex/adjustbox/adjcalc.sty
Package: adjcalc 2012/05/16 v1.1 Provides advanced setlength with multiple back-ends (calc, etex, pgfmath)
) (/home/marco/.miktex/texmfs/install/tex/latex/adjustbox/trimclip.sty
Package: trimclip 2020/08/19 v1.2 Trim and clip general TeX material
 (/home/marco/.miktex/texmfs/install/tex/latex/collectbox/collectbox.sty
Package: collectbox 2022/10/17 v0.4c Collect macro arguments as boxes
\collectedbox=\box69
)
\tc@llx=\dimen282
\tc@lly=\dimen283
\tc@urx=\dimen284
\tc@ury=\dimen285
Package trimclip Info: Using driver 'tc-pdftex.def'.
 (/home/marco/.miktex/texmfs/install/tex/latex/adjustbox/tc-pdftex.def
File: tc-pdftex.def 2019/01/04 v2.2 Clipping driver for pdftex
))
\adjbox@Width=\dimen286
\adjbox@Height=\dimen287
\adjbox@Depth=\dimen288
\adjbox@Totalheight=\dimen289
\adjbox@pwidth=\dimen290
\adjbox@pheight=\dimen291
\adjbox@pdepth=\dimen292
\adjbox@ptotalheight=\dimen293
 (/home/marco/.miktex/texmfs/install/tex/latex/ifoddpage/ifoddpage.sty
Package: ifoddpage 2022/10/18 v1.2 Conditionals for odd/even page detection
\c@checkoddpage=\count337
) (/home/marco/.miktex/texmfs/install/tex/latex/varwidth/varwidth.sty
Package: varwidth 2009/03/30 ver 0.92;  Variable-width minipages
\@vwid@box=\box70
\sift@deathcycles=\count338
\@vwid@loff=\dimen294
\@vwid@roff=\dimen295
))) (/home/marco/.miktex/texmfs/install/tex/latex/appendix/appendix.sty
Package: appendix 2020/02/08 v1.2c extra appendix facilities
\c@@pps=\count339
\c@@ppsavesec=\count340
\c@@ppsaveapp=\count341
) (/home/marco/.miktex/texmfs/install/tex/latex/titlesec/titlesec.sty
Package: titlesec 2023/10/27 v2.16 Sectioning titles
\ttl@box=\box71
\beforetitleunit=\skip67
\aftertitleunit=\skip68
\ttl@plus=\dimen296
\ttl@minus=\dimen297
\ttl@toksa=\toks44
\titlewidth=\dimen298
\titlewidthlast=\dimen299
\titlewidthfirst=\dimen300
) (/home/marco/.miktex/texmfs/install/tex/latex/base/textcomp.sty
Package: textcomp 2020/02/02 v2.0n Standard LaTeX package
) (/home/marco/.miktex/texmfs/install/tex/latex/base/fontenc.sty
Package: fontenc 2021/04/29 v2.0v Standard LaTeX package
) (/home/marco/.miktex/texmfs/install/tex/latex/l3backend/l3backend-pdftex.def
File: l3backend-pdftex.def 2024-04-11 L3 backend support: PDF output (pdfTeX)
\l__color_backend_stack_int=\count342
\l__pdf_internal_box=\box72
) (/home/marco/Repos/phd/dissertation/build/main.aux

LaTeX Warning: Label `eqn:specdist' multiply defined.


LaTeX Warning: Label `eqn:entropy' multiply defined.

)
\openout1 = `main.aux'.

LaTeX Font Info:    Checking defaults for OML/cmm/m/it on input line 90.
LaTeX Font Info:    ... okay on input line 90.
LaTeX Font Info:    Checking defaults for OMS/cmsy/m/n on input line 90.
LaTeX Font Info:    ... okay on input line 90.
LaTeX Font Info:    Checking defaults for OT1/cmr/m/n on input line 90.
LaTeX Font Info:    ... okay on input line 90.
LaTeX Font Info:    Checking defaults for T1/cmr/m/n on input line 90.
LaTeX Font Info:    ... okay on input line 90.
LaTeX Font Info:    Checking defaults for TS1/cmr/m/n on input line 90.
LaTeX Font Info:    ... okay on input line 90.
LaTeX Font Info:    Checking defaults for OMX/cmex/m/n on input line 90.
LaTeX Font Info:    ... okay on input line 90.
LaTeX Font Info:    Checking defaults for U/cmr/m/n on input line 90.
LaTeX Font Info:    ... okay on input line 90.
LaTeX Font Info:    Checking defaults for PD1/pdf/m/n on input line 90.
LaTeX Font Info:    ... okay on input line 90.
LaTeX Font Info:    Checking defaults for PU/pdf/m/n on input line 90.
LaTeX Font Info:    ... okay on input line 90.
 (/home/marco/.miktex/texmfs/install/tex/context/base/mkii/supp-pdf.mkii
[Loading MPS to PDF converter (version 2006.09.02).]
\scratchcounter=\count343
\scratchdimen=\dimen301
\scratchbox=\box73
\nofMPsegments=\count344
\nofMParguments=\count345
\everyMPshowfont=\toks45
\MPscratchCnt=\count346
\MPscratchDim=\dimen302
\MPnumerator=\count347
\makeMPintoPDFobject=\count348
\everyMPtoPDFconversion=\toks46
)
Package hyperref Info: Link coloring OFF on input line 90.
 (/home/marco/Repos/phd/dissertation/build/main.out) (/home/marco/Repos/phd/dissertation/build/main.out)
\@outlinefile=\write4
\openout4 = `main.out'.

Package caption Info: Begin \AtBeginDocument code.
Package caption Info: float package is loaded.
Package caption Info: End \AtBeginDocument code.
LaTeX Font Info:    Trying to load font information for U+msa on input line 108.
 (/home/marco/.miktex/texmfs/install/tex/latex/amsfonts/umsa.fd
File: umsa.fd 2013/01/14 v3.01 AMS symbols A
)
LaTeX Font Info:    Trying to load font information for U+msb on input line 108.
 (/home/marco/.miktex/texmfs/install/tex/latex/amsfonts/umsb.fd
File: umsb.fd 2013/01/14 v3.01 AMS symbols B
)
<stb-thesis-frntp.pdf, id=312, 597.50786pt x 845.04686pt>
File: stb-thesis-frntp.pdf Graphic file (type pdf)
<use stb-thesis-frntp.pdf>
Package pdftex.def Info: stb-thesis-frntp.pdf  used on input line 108.
(pdftex.def)             Requested size: 598.08076pt x 845.93451pt.
 [1


{/home/marco/.miktex/texmfs/data/fonts/map/pdftex/pdftex.map}{/home/marco/.miktex/texmfs/install/fonts/enc/dvips/cm-super/cm-super-t1.enc} </home/marco/.miktex/texmfs/install/tex/latex/stellenbosch-2/figs/stb-thesis-frntp.pdf>]
pdfTeX warning (ext4): destination with the same identifier (name{page.1}) has been already used, duplicate ignored
<to be read again> 
                   \relax 
l.119 
       [1

] [2

] [3

] (/home/marco/Repos/phd/dissertation/build/main.toc [4

] [5])
\tf@toc=\write5
\openout5 = `main.toc'.

 [6] (/home/marco/Repos/phd/dissertation/build/main.lof [7

]
Overfull \hbox (21.9382pt too wide) in paragraph at lines 29--29
 \T1/cmr/m/n/10.95 indicated (top). In this example, the detector successfully detects all vocalisations. 
 []

Package acronym Info: Label `acro:se' newly defined as it shall be overridden
although it is yet undefined on input line 30.
Package acronym Info: Label `acro:bled' newly defined as it shall be overridden
although it is yet undefined on input line 30.
Package acronym Info: Label `acro:gmm' newly defined as it shall be overridden
although it is yet undefined on input line 30.

Overfull \hbox (10.67638pt too wide) in paragraph at lines 30--30
 [][] [][]\T1/cmr/m/n/10.95 Results of the evaluated detectors. [][][]spectral entropy ([])[] detectors are indicated 
 []


Overfull \hbox (0.14662pt too wide) in paragraph at lines 30--30
 \T1/cmr/m/n/10.95 bases. (b) The performance curve of the detectors expressed as the percentage 
 []


Overfull \hbox (5.59436pt too wide) in paragraph at lines 30--30
 \T1/cmr/m/n/10.95 of detected noise samples versus the percentage of detected calls. The whitened 
 []

)
\tf@lof=\write6
\openout6 = `main.lof'.

 [8] [9] (/home/marco/Repos/phd/dissertation/build/main.lot
Overfull \hbox (5.5704pt too wide) in paragraph at lines 16--16
 \T1/cmr/m/n/10.95 in boldface text, whereas non-bold parameters result from the chosen parameters.[] [][]  
 []

Package acronym Info: Label `acro:2d' newly defined as it shall be overridden
although it is yet undefined on input line 19.
Package acronym Info: Label `acro:nn' newly defined as it shall be overridden
although it is yet undefined on input line 19.
)
\tf@lot=\write7
\openout7 = `main.lot'.

 [10

] (content/nomenclature.tex [11

] [12] [13

]
Overfull \vbox (42.75694pt too high) has occurred while \output is active []

 [14]) (content/introduction.tex [15]
Chapter 1.
Package acronym Info: Label `acro:ml' newly defined as it shall be overridden
although it is yet undefined on input line 3.

Overfull \hbox (2.43423pt too wide) in paragraph at lines 3--4
\T1/cmr/m/n/10.95 Machine learning ([])[] models have become mainstay in software products and automation
 []


Overfull \hbox (12.96703pt too wide) in paragraph at lines 5--6
[]\T1/cmr/m/n/10.95 Modern research is very focussed on advancing [][] integration, improving model performance
 []


Overfull \hbox (3.77158pt too wide) in paragraph at lines 5--6
\T1/cmr/m/n/10.95 concerns, since they require vast amounts of data, and their operation is often unpredictable
 []

Package acronym Info: Label `acro:pam' newly defined as it shall be overridden
although it is yet undefined on input line 7.
Package acronym Info: Label `acro:sota' newly defined as it shall be overridden
although it is yet undefined on input line 7.

Overfull \hbox (0.14478pt too wide) in paragraph at lines 11--12
\T1/cmr/m/n/10.95 are critical in automating wildlife conservation studies based on non-invasive audio sensors.
 []

[16

]
Package acronym Info: Label `acro:tf' newly defined as it shall be overridden
although it is yet undefined on input line 13.
Package acronym Info: Label `acro:mfcc' newly defined as it shall be overridden
although it is yet undefined on input line 13.
Package acronym Info: Label `acro:stft' newly defined as it shall be overridden
although it is yet undefined on input line 13.
Package acronym Info: Label `acro:ct' newly defined as it shall be overridden
although it is yet undefined on input line 13.
Package acronym Info: Label `acro:cnn' newly defined as it shall be overridden
although it is yet undefined on input line 13.
Package acronym Info: Label `acro:snr' newly defined as it shall be overridden
although it is yet undefined on input line 22.

Overfull \hbox (2.15303pt too wide) in paragraph at lines 29--30
\T1/cmr/m/n/10.95 requires reliable training data or special techniques to mitigate problematic data. Although
 []

[17]
Overfull \hbox (1.43138pt too wide) in paragraph at lines 39--40
\T1/cmr/m/n/10.95 theory and findings it presents are general. As such, the contextual chapters are generalised
 []

) (content/p1_intro.tex [18]
Chapter 2.
Package acronym Info: Label `acro:1d' newly defined as it shall be overridden
although it is yet undefined on input line 11.
Package acronym Info: Label `acro:dt' newly defined as it shall be overridden
although it is yet undefined on input line 11.

Overfull \hbox (0.32379pt too wide) in paragraph at lines 11--12
[]\T1/cmr/m/n/10.95 Formally, given a [][][]1-dimensional ([])[] [][][]discrete-time ([])[] signal $\OML/cmm/m/it/10.95 x\OT1/cmr/m/n/10.95 [\OML/cmm/m/it/10.95 n\OT1/cmr/m/n/10.95 ]$\T1/cmr/m/n/10.95 , with an index variable
 []

Package acronym Info: Label `acro:bpf' newly defined as it shall be overridden
although it is yet undefined on input line 15.
Package acronym Info: Label `acro:lpf' newly defined as it shall be overridden
although it is yet undefined on input line 15.
Package acronym Info: Label `acro:dtft' newly defined as it shall be overridden
although it is yet undefined on input line 33.
[19

]
Package acronym Info: Label `acro:fft' newly defined as it shall be overridden
although it is yet undefined on input line 42.
 [20]
Overfull \hbox (4.35368pt too wide) in paragraph at lines 76--77
\T1/cmr/m/n/10.95 To construct a wavelet filterbank with $\OML/cmm/m/it/10.95 ^^][] \OMS/cmsy/m/n/10.95 2 \OT1/cmr/m/n/10.95 ^^G$ \T1/cmr/m/n/10.95 which has the exponentially-spaced frequency
 []

[21]
Package acronym Info: Label `acro:cwt' newly defined as it shall be overridden
although it is yet undefined on input line 100.
) (content/paper1/main.tex [22]
Chapter 3.

Overfull \hbox (1.06335pt too wide) in paragraph at lines 24--24
[]\T1/cmr/m/n/10 Cetacean vocalization detection based on spectral entropy is investigated as a means of vocalization
 []


Overfull \hbox (1.8317pt too wide) in paragraph at lines 24--24
\T1/cmr/m/n/10 discovery. Previous techniques using spectral entropy mostly consider time-frequency enhancement
 []


Overfull \hbox (13.22705pt too wide) in paragraph at lines 24--24
\T1/cmr/m/n/10 separate the signal/no-signal entropy measures, resulting in a one-dimensional, two-class classification
 []

[23

]
Overfull \hbox (6.55595pt too wide) in paragraph at lines 28--38
\T1/cmr/m/n/10.95 computationally efficient signal detection is of great importance for data gathering purposes. 
 []


Overfull \hbox (9.85378pt too wide) in paragraph at lines 58--65
\T1/cmr/m/n/10.95 BLED [[], [], []]. At its core, spectral entropy utilizes a time-frequency (TF) decomposition
 []

[24

]
Overfull \hbox (8.52354pt too wide) in paragraph at lines 71--77
[]\T1/cmr/m/n/10.95 The continuous wavelet transform (CWT) has shown success in many applications, including
 []


Overfull \hbox (15.57458pt too wide) in paragraph at lines 71--77
\T1/cmr/m/n/10.95 seismic sensors [[]]. The CWT has previously been used in structural engineering applications
 []


Overfull \hbox (2.0357pt too wide) in paragraph at lines 137--138
\T1/cmr/m/n/10.95 and proposes median filtering (MF) as a simple, yet effective, method of providing temporal
 []

[25] [26]
Package epstopdf Info: Source file: <./content/paper1/fig/fbdata1.eps>
(epstopdf)                    date: 2024-05-05 12:31:35
(epstopdf)                    size: 119676 bytes
(epstopdf)             Output file: <./content/paper1/fig/fbdata1-eps-converted-to.pdf>
(epstopdf)                    date: 2024-05-05 13:00:43
(epstopdf)                    size: 119098 bytes
(epstopdf)             Command: <miktex-epstopdf --outfile=./content/paper1/fig/fbdata1-eps-converted-to.pdf ./content/paper1/fig/fbdata1.eps>
(epstopdf)             \includegraphics on input line 168.
Package epstopdf Info: Output file is already uptodate.
<./content/paper1/fig/fbdata1-eps-converted-to.pdf, id=773, 264.99pt x 233.87375pt>
File: ./content/paper1/fig/fbdata1-eps-converted-to.pdf Graphic file (type pdf)
<use ./content/paper1/fig/fbdata1-eps-converted-to.pdf>
Package pdftex.def Info: ./content/paper1/fig/fbdata1-eps-converted-to.pdf  used on input line 168.
(pdftex.def)             Requested size: 253.20258pt x 223.47418pt.
 [27 <./content/paper1/fig/fbdata1-eps-converted-to.pdf>]
Package epstopdf Info: Source file: <./content/paper1/fig/real_data_hist.eps>
(epstopdf)                    date: 2024-05-05 12:31:35
(epstopdf)                    size: 24432 bytes
(epstopdf)             Output file: <./content/paper1/fig/real_data_hist-eps-converted-to.pdf>
(epstopdf)                    date: 2024-05-05 13:00:44
(epstopdf)                    size: 20837 bytes
(epstopdf)             Command: <miktex-epstopdf --outfile=./content/paper1/fig/real_data_hist-eps-converted-to.pdf ./content/paper1/fig/real_data_hist.eps>
(epstopdf)             \includegraphics on input line 192.
Package epstopdf Info: Output file is already uptodate.
<./content/paper1/fig/real_data_hist-eps-converted-to.pdf, id=785, 344.28625pt x 164.615pt>
File: ./content/paper1/fig/real_data_hist-eps-converted-to.pdf Graphic file (type pdf)
<use ./content/paper1/fig/real_data_hist-eps-converted-to.pdf>
Package pdftex.def Info: ./content/paper1/fig/real_data_hist-eps-converted-to.pdf  used on input line 192.
(pdftex.def)             Requested size: 295.39871pt x 141.2396pt.
 [28 <./content/paper1/fig/real_data_hist-eps-converted-to.pdf>]
Package epstopdf Info: Source file: <./content/paper1/fig/entropy1.eps>
(epstopdf)                    date: 2024-05-05 12:31:35
(epstopdf)                    size: 449605 bytes
(epstopdf)             Output file: <./content/paper1/fig/entropy1-eps-converted-to.pdf>
(epstopdf)                    date: 2024-05-05 13:00:44
(epstopdf)                    size: 368039 bytes
(epstopdf)             Command: <miktex-epstopdf --outfile=./content/paper1/fig/entropy1-eps-converted-to.pdf ./content/paper1/fig/entropy1.eps>
(epstopdf)             \includegraphics on input line 229.
Package epstopdf Info: Output file is already uptodate.
<./content/paper1/fig/entropy1-eps-converted-to.pdf, id=796, 302.12875pt x 206.7725pt>
File: ./content/paper1/fig/entropy1-eps-converted-to.pdf Graphic file (type pdf)
<use ./content/paper1/fig/entropy1-eps-converted-to.pdf>
Package pdftex.def Info: ./content/paper1/fig/entropy1-eps-converted-to.pdf  used on input line 229.
(pdftex.def)             Requested size: 253.20258pt x 173.287pt.
 [29]
Overfull \hbox (2.63254pt too wide) in paragraph at lines 248--249
[]\T1/cmr/m/n/10.95 From a signal processing point of view, the numerically calculated CWT may be interpreted
 []

[30 <./content/paper1/fig/entropy1-eps-converted-to.pdf>] [31]
Overfull \hbox (6.28288pt too wide) in paragraph at lines 289--290
\T1/cmr/m/n/10.95 implementation. As such, all band-pass filters have a maximum gain of $\OT1/cmr/m/n/10.95 2$ \T1/cmr/m/n/10.95 which compensates
 []

Package epstopdf Info: Source file: <./content/paper1/fig/cwt_fb_example.eps>
(epstopdf)                    date: 2024-05-05 12:31:35
(epstopdf)                    size: 640995 bytes
(epstopdf)             Output file: <./content/paper1/fig/cwt_fb_example-eps-converted-to.pdf>
(epstopdf)                    date: 2024-05-05 13:00:45
(epstopdf)                    size: 134361 bytes
(epstopdf)             Command: <miktex-epstopdf --outfile=./content/paper1/fig/cwt_fb_example-eps-converted-to.pdf ./content/paper1/fig/cwt_fb_example.eps>
(epstopdf)             \includegraphics on input line 303.
Package epstopdf Info: Output file is already uptodate.
<./content/paper1/fig/cwt_fb_example-eps-converted-to.pdf, id=833, 408.52625pt x 169.63374pt>
File: ./content/paper1/fig/cwt_fb_example-eps-converted-to.pdf Graphic file (type pdf)
<use ./content/paper1/fig/cwt_fb_example-eps-converted-to.pdf>
Package pdftex.def Info: ./content/paper1/fig/cwt_fb_example-eps-converted-to.pdf  used on input line 303.
(pdftex.def)             Requested size: 295.39871pt x 122.66681pt.
[32 <./content/paper1/fig/cwt_fb_example-eps-converted-to.pdf>] [33] [34]
Package epstopdf Info: Source file: <./content/paper1/fig/sigmoid.eps>
(epstopdf)                    date: 2024-05-05 12:31:35
(epstopdf)                    size: 23181 bytes
(epstopdf)             Output file: <./content/paper1/fig/sigmoid-eps-converted-to.pdf>
(epstopdf)                    date: 2024-05-05 13:00:45
(epstopdf)                    size: 10470 bytes
(epstopdf)             Command: <miktex-epstopdf --outfile=./content/paper1/fig/sigmoid-eps-converted-to.pdf ./content/paper1/fig/sigmoid.eps>
(epstopdf)             \includegraphics on input line 376.
Package epstopdf Info: Output file is already uptodate.
<./content/paper1/fig/sigmoid-eps-converted-to.pdf, id=880, 342.27875pt x 251.94125pt>
File: ./content/paper1/fig/sigmoid-eps-converted-to.pdf Graphic file (type pdf)
<use ./content/paper1/fig/sigmoid-eps-converted-to.pdf>
Package pdftex.def Info: ./content/paper1/fig/sigmoid-eps-converted-to.pdf  used on input line 376.
(pdftex.def)             Requested size: 253.20258pt x 186.37978pt.

Overfull \hbox (3.06407pt too wide) in paragraph at lines 384--385
\T1/cmr/m/n/10.95 Median filtering (MF) is often used to suppress ``salt-and-pepper" noise in image processing,
 []

[35 <./content/paper1/fig/sigmoid-eps-converted-to.pdf>]
Package epstopdf Info: Source file: <./content/paper1/fig/entropymf.eps>
(epstopdf)                    date: 2024-05-05 12:31:35
(epstopdf)                    size: 441925 bytes
(epstopdf)             Output file: <./content/paper1/fig/entropymf-eps-converted-to.pdf>
(epstopdf)                    date: 2024-05-05 13:00:46
(epstopdf)                    size: 406637 bytes
(epstopdf)             Command: <miktex-epstopdf --outfile=./content/paper1/fig/entropymf-eps-converted-to.pdf ./content/paper1/fig/entropymf.eps>
(epstopdf)             \includegraphics on input line 399.
Package epstopdf Info: Output file is already uptodate.
<./content/paper1/fig/entropymf-eps-converted-to.pdf, id=895, 307.1475pt x 239.89626pt>
File: ./content/paper1/fig/entropymf-eps-converted-to.pdf Graphic file (type pdf)
<use ./content/paper1/fig/entropymf-eps-converted-to.pdf>
Package pdftex.def Info: ./content/paper1/fig/entropymf-eps-converted-to.pdf  used on input line 399.
(pdftex.def)             Requested size: 253.20258pt x 197.76309pt.
Package epstopdf Info: Source file: <./content/paper1/fig/kmeans1.eps>
(epstopdf)                    date: 2024-05-05 12:31:35
(epstopdf)                    size: 409423 bytes
(epstopdf)             Output file: <./content/paper1/fig/kmeans1-eps-converted-to.pdf>
(epstopdf)                    date: 2024-05-05 13:00:46
(epstopdf)                    size: 422594 bytes
(epstopdf)             Command: <miktex-epstopdf --outfile=./content/paper1/fig/kmeans1-eps-converted-to.pdf ./content/paper1/fig/kmeans1.eps>
(epstopdf)             \includegraphics on input line 408.
Package epstopdf Info: Output file is already uptodate.
<./content/paper1/fig/kmeans1-eps-converted-to.pdf, id=897, 335.2525pt x 242.9075pt>
File: ./content/paper1/fig/kmeans1-eps-converted-to.pdf Graphic file (type pdf)
<use ./content/paper1/fig/kmeans1-eps-converted-to.pdf>
Package pdftex.def Info: ./content/paper1/fig/kmeans1-eps-converted-to.pdf  used on input line 408.
(pdftex.def)             Requested size: 253.20258pt x 183.4589pt.


LaTeX Warning: `!h' float specifier changed to `!ht'.


Overfull \hbox (1.69724pt too wide) in paragraph at lines 418--419
\T1/cmr/m/n/10.95 data, since the exact start and endpoints of a signal cannot be known exactly. Furthermore,
 []

[36 <./content/paper1/fig/entropymf-eps-converted-to.pdf>] [37 <./content/paper1/fig/kmeans1-eps-converted-to.pdf>]
Package epstopdf Info: Source file: <./content/paper1/fig/testsigstft.eps>
(epstopdf)                    date: 2024-05-05 12:54:45
(epstopdf)                    size: 91485 bytes
(epstopdf)             Output file: <./content/paper1/fig/testsigstft-eps-converted-to.pdf>
(epstopdf)                    date: 2024-05-05 13:00:46
(epstopdf)                    size: 188024 bytes
(epstopdf)             Command: <miktex-epstopdf --outfile=./content/paper1/fig/testsigstft-eps-converted-to.pdf ./content/paper1/fig/testsigstft.eps>
(epstopdf)             \includegraphics on input line 435.
Package epstopdf Info: Output file is already uptodate.
<./content/paper1/fig/testsigstft-eps-converted-to.pdf, id=922, 332.24126pt x 158.5925pt>
File: ./content/paper1/fig/testsigstft-eps-converted-to.pdf Graphic file (type pdf)
<use ./content/paper1/fig/testsigstft-eps-converted-to.pdf>
Package pdftex.def Info: ./content/paper1/fig/testsigstft-eps-converted-to.pdf  used on input line 435.
(pdftex.def)             Requested size: 253.20258pt x 120.86548pt.
 [38 <./content/paper1/fig/testsigstft-eps-converted-to.pdf>]
Overfull \hbox (3.84665pt too wide) in paragraph at lines 459--460
[]\T1/cmr/m/n/10.95 This is equivalent to calculating the conventional TPR and TNR discovery rates if $\OML/cmm/m/it/10.95 c[]\OT1/cmr/m/n/10.95 (\OML/cmm/m/it/10.95 H\OT1/cmr/m/n/10.95 [\OML/cmm/m/it/10.95 m\OT1/cmr/m/n/10.95 ])$
 []

Package epstopdf Info: Source file: <./content/paper1/fig/res_snr_mf.eps>
(epstopdf)                    date: 2024-05-05 12:31:35
(epstopdf)                    size: 43100 bytes
(epstopdf)             Output file: <./content/paper1/fig/res_snr_mf-eps-converted-to.pdf>
(epstopdf)                    date: 2024-05-05 13:00:47
(epstopdf)                    size: 17225 bytes
(epstopdf)             Command: <miktex-epstopdf --outfile=./content/paper1/fig/res_snr_mf-eps-converted-to.pdf ./content/paper1/fig/res_snr_mf.eps>
(epstopdf)             \includegraphics on input line 468.
Package epstopdf Info: Output file is already uptodate.
<./content/paper1/fig/res_snr_mf-eps-converted-to.pdf, id=934, 360.34625pt x 278.03876pt>
File: ./content/paper1/fig/res_snr_mf-eps-converted-to.pdf Graphic file (type pdf)
<use ./content/paper1/fig/res_snr_mf-eps-converted-to.pdf>
Package pdftex.def Info: ./content/paper1/fig/res_snr_mf-eps-converted-to.pdf  used on input line 468.
(pdftex.def)             Requested size: 253.20258pt x 195.36824pt.
Package epstopdf Info: Source file: <./content/paper1/fig/res_mf_snr.eps>
(epstopdf)                    date: 2024-05-05 12:31:35
(epstopdf)                    size: 43857 bytes
(epstopdf)             Output file: <./content/paper1/fig/res_mf_snr-eps-converted-to.pdf>
(epstopdf)                    date: 2024-05-05 13:00:47
(epstopdf)                    size: 17443 bytes
(epstopdf)             Command: <miktex-epstopdf --outfile=./content/paper1/fig/res_mf_snr-eps-converted-to.pdf ./content/paper1/fig/res_mf_snr.eps>
(epstopdf)             \includegraphics on input line 478.
Package epstopdf Info: Output file is already uptodate.
<./content/paper1/fig/res_mf_snr-eps-converted-to.pdf, id=938, 362.35374pt x 279.0425pt>
File: ./content/paper1/fig/res_mf_snr-eps-converted-to.pdf Graphic file (type pdf)
<use ./content/paper1/fig/res_mf_snr-eps-converted-to.pdf>
Package pdftex.def Info: ./content/paper1/fig/res_mf_snr-eps-converted-to.pdf  used on input line 478.
(pdftex.def)             Requested size: 253.20258pt x 194.98778pt.

LaTeX Warning: `!h' float specifier changed to `!ht'.

[39 <./content/paper1/fig/res_snr_mf-eps-converted-to.pdf>]
Package epstopdf Info: Source file: <./content/paper1/fig/res_classmeans.eps>
(epstopdf)                    date: 2024-05-05 12:31:35
(epstopdf)                    size: 30632 bytes
(epstopdf)             Output file: <./content/paper1/fig/res_classmeans-eps-converted-to.pdf>
(epstopdf)                    date: 2024-05-05 13:00:47
(epstopdf)                    size: 14743 bytes
(epstopdf)             Command: <miktex-epstopdf --outfile=./content/paper1/fig/res_classmeans-eps-converted-to.pdf ./content/paper1/fig/res_classmeans.eps>
(epstopdf)             \includegraphics on input line 489.
Package epstopdf Info: Output file is already uptodate.
<./content/paper1/fig/res_classmeans-eps-converted-to.pdf, id=954, 366.36874pt x 165.61874pt>
File: ./content/paper1/fig/res_classmeans-eps-converted-to.pdf Graphic file (type pdf)
<use ./content/paper1/fig/res_classmeans-eps-converted-to.pdf>
Package pdftex.def Info: ./content/paper1/fig/res_classmeans-eps-converted-to.pdf  used on input line 489.
(pdftex.def)             Requested size: 253.20258pt x 114.46405pt.


LaTeX Warning: `!h' float specifier changed to `!ht'.


LaTeX Warning: `!h' float specifier changed to `!ht'.


Overfull \hbox (0.49611pt too wide) in paragraph at lines 530--531
\T1/cmr/m/n/10.95 the equivalent sinusoidal power from equation ([]3.6[]) unevenly weights some of the frequency
 []

[40 <./content/paper1/fig/res_mf_snr-eps-converted-to.pdf> <./content/paper1/fig/res_classmeans-eps-converted-to.pdf>] [41]
Package epstopdf Info: Source file: <./content/paper1/fig/res_snr_mf_L2.eps>
(epstopdf)                    date: 2024-05-05 12:31:35
(epstopdf)                    size: 34081 bytes
(epstopdf)             Output file: <./content/paper1/fig/res_snr_mf_L2-eps-converted-to.pdf>
(epstopdf)                    date: 2024-05-05 13:00:47
(epstopdf)                    size: 15958 bytes
(epstopdf)             Command: <miktex-epstopdf --outfile=./content/paper1/fig/res_snr_mf_L2-eps-converted-to.pdf ./content/paper1/fig/res_snr_mf_L2.eps>
(epstopdf)             \includegraphics on input line 547.
Package epstopdf Info: Output file is already uptodate.
<./content/paper1/fig/res_snr_mf_L2-eps-converted-to.pdf, id=982, 363.3575pt x 279.0425pt>
File: ./content/paper1/fig/res_snr_mf_L2-eps-converted-to.pdf Graphic file (type pdf)
<use ./content/paper1/fig/res_snr_mf_L2-eps-converted-to.pdf>
Package pdftex.def Info: ./content/paper1/fig/res_snr_mf_L2-eps-converted-to.pdf  used on input line 547.
(pdftex.def)             Requested size: 253.20258pt x 194.4513pt.
 [42 <./content/paper1/fig/res_snr_mf_L2-eps-converted-to.pdf>]
Package epstopdf Info: Source file: <./content/paper1/fig/res_realdata_snippet1.eps>
(epstopdf)                    date: 2024-05-05 12:31:35
(epstopdf)                    size: 154814 bytes
(epstopdf)             Output file: <./content/paper1/fig/res_realdata_snippet1-eps-converted-to.pdf>
(epstopdf)                    date: 2024-05-05 13:00:48
(epstopdf)                    size: 135309 bytes
(epstopdf)             Command: <miktex-epstopdf --outfile=./content/paper1/fig/res_realdata_snippet1-eps-converted-to.pdf ./content/paper1/fig/res_realdata_snippet1.eps>
(epstopdf)             \includegraphics on input line 562.
Package epstopdf Info: Output file is already uptodate.
<./content/paper1/fig/res_realdata_snippet1-eps-converted-to.pdf, id=997, 538.01pt x 232.87pt>
File: ./content/paper1/fig/res_realdata_snippet1-eps-converted-to.pdf Graphic file (type pdf)
<use ./content/paper1/fig/res_realdata_snippet1-eps-converted-to.pdf>
Package pdftex.def Info: ./content/paper1/fig/res_realdata_snippet1-eps-converted-to.pdf  used on input line 562.
(pdftex.def)             Requested size: 422.0pt x 182.65765pt.
 [43 <./content/paper1/fig/res_realdata_snippet1-eps-converted-to.pdf>]
Package epstopdf Info: Source file: <./content/paper1/fig/res_realdata_roc.eps>
(epstopdf)                    date: 2024-05-05 12:31:35
(epstopdf)                    size: 26593 bytes
(epstopdf)             Output file: <./content/paper1/fig/res_realdata_roc-eps-converted-to.pdf>
(epstopdf)                    date: 2024-05-05 13:00:48
(epstopdf)                    size: 9264 bytes
(epstopdf)             Command: <miktex-epstopdf --outfile=./content/paper1/fig/res_realdata_roc-eps-converted-to.pdf ./content/paper1/fig/res_realdata_roc.eps>
(epstopdf)             \includegraphics on input line 588.
Package epstopdf Info: Output file is already uptodate.
<./content/paper1/fig/res_realdata_roc-eps-converted-to.pdf, id=1013, 297.11pt x 235.88126pt>
File: ./content/paper1/fig/res_realdata_roc-eps-converted-to.pdf Graphic file (type pdf)
<use ./content/paper1/fig/res_realdata_roc-eps-converted-to.pdf>
Package pdftex.def Info: ./content/paper1/fig/res_realdata_roc-eps-converted-to.pdf  used on input line 588.
(pdftex.def)             Requested size: 211.0pt x 167.52365pt.
Package epstopdf Info: Source file: <./content/paper1/fig/res_realdata_thresh.eps>
(epstopdf)                    date: 2024-05-05 12:31:35
(epstopdf)                    size: 44142 bytes
(epstopdf)             Output file: <./content/paper1/fig/res_realdata_thresh-eps-converted-to.pdf>
(epstopdf)                    date: 2024-05-05 13:00:48
(epstopdf)                    size: 15420 bytes
(epstopdf)             Command: <miktex-epstopdf --outfile=./content/paper1/fig/res_realdata_thresh-eps-converted-to.pdf ./content/paper1/fig/res_realdata_thresh.eps>
(epstopdf)             \includegraphics on input line 595.
Package epstopdf Info: Output file is already uptodate.
<./content/paper1/fig/res_realdata_thresh-eps-converted-to.pdf, id=1014, 342.27875pt x 285.065pt>
File: ./content/paper1/fig/res_realdata_thresh-eps-converted-to.pdf Graphic file (type pdf)
<use ./content/paper1/fig/res_realdata_thresh-eps-converted-to.pdf>
Package pdftex.def Info: ./content/paper1/fig/res_realdata_thresh-eps-converted-to.pdf  used on input line 595.
(pdftex.def)             Requested size: 232.10129pt x 193.31096pt.


LaTeX Warning: `!h' float specifier changed to `!ht'.

[44 <./content/paper1/fig/res_realdata_roc-eps-converted-to.pdf>]
Overfull \hbox (2.84192pt too wide) in paragraph at lines 605--606
[]\T1/cmr/m/n/10.95 The proposed detector based on the CWT with median filtering outperforms the traditional
 []


Overfull \hbox (3.65074pt too wide) in paragraph at lines 607--608
\T1/cmr/m/n/10.95 classification problems, accurate audio segmentation and time localization is not necessarily
 []

[45 <./content/paper1/fig/res_realdata_thresh-eps-converted-to.pdf>] [46]
Overfull \hbox (4.41301pt too wide) in paragraph at lines 621--622
\T1/cmr/m/n/10.95 manual annotations, the effectiveness of the CWT as a TF-decomposition for SE calculation
 []

[47]
Overfull \hbox (2.37804pt too wide) in paragraph at lines 634--635
\T1/cmr/m/n/10.95 process such as Gaussian white noise (GWN) or colored white noise (CWN). The variability
 []

[48]) (content/p2_intro.tex [49]
Chapter 4.

Overfull \hbox (17.98785pt too wide) in paragraph at lines 23--24
\T1/cmr/m/n/10.95 classifying images, invariance to scale, shear, rotation and translation deformations, depending
 []

[50

]
Overfull \hbox (1.22725pt too wide) in paragraph at lines 29--30
\T1/cmr/m/n/10.95 audio applications. For example, many applications ``blur'' (low-pass) the [][] magnitude
 []

Package acronym Info: Label `acro:dct' newly defined as it shall be overridden
although it is yet undefined on input line 35.
[51]) (content/paper2/main.tex [52]
Chapter 5.
[53

]
Package acronym Info: Label `acro:poi' newly defined as it shall be overridden
although it is yet undefined on input line 18.

Overfull \hbox (4.01617pt too wide) in paragraph at lines 18--19
\T1/cmr/m/n/10.95 suffer from many false positive detections. On the other hand, very accurate [][] approaches
 []

Package acronym Info: Label `acro:hmm' newly defined as it shall be overridden
although it is yet undefined on input line 21.
Package acronym Info: Label `acro:ws' newly defined as it shall be overridden
although it is yet undefined on input line 23.
[54

]
Package acronym Info: Label `acro:svm' newly defined as it shall be overridden
although it is yet undefined on input line 25.
Package acronym Info: Label `acro:lstm' newly defined as it shall be overridden
although it is yet undefined on input line 29.
 [55]
<./content/paper2/fig/system_diagram_v2.png, id=1186, 751.80875pt x 675.52374pt>
File: ./content/paper2/fig/system_diagram_v2.png Graphic file (type png)
<use ./content/paper2/fig/system_diagram_v2.png>
Package pdftex.def Info: ./content/paper2/fig/system_diagram_v2.png  used on input line 35.
(pdftex.def)             Requested size: 379.79742pt x 341.26564pt.
 [56 <./content/paper2/fig/system_diagram_v2.png>]
<./content/paper2/fig/Bm_Ant-A_11.jpg, id=1200, 878.28125pt x 658.46pt>
File: ./content/paper2/fig/Bm_Ant-A_11.jpg Graphic file (type jpg)
<use ./content/paper2/fig/Bm_Ant-A_11.jpg>
Package pdftex.def Info: ./content/paper2/fig/Bm_Ant-A_11.jpg  used on input line 56.
(pdftex.def)             Requested size: 189.89871pt x 142.36992pt.
<./content/paper2/fig/Bm_Ant-B_54.jpg, id=1201, 878.28125pt x 658.46pt>
File: ./content/paper2/fig/Bm_Ant-B_54.jpg Graphic file (type jpg)
<use ./content/paper2/fig/Bm_Ant-B_54.jpg>
Package pdftex.def Info: ./content/paper2/fig/Bm_Ant-B_54.jpg  used on input line 61.
(pdftex.def)             Requested size: 189.89871pt x 142.36992pt.
<./content/paper2/fig/Bm_Ant-Z_98.jpg, id=1202, 878.28125pt x 658.46pt>
File: ./content/paper2/fig/Bm_Ant-Z_98.jpg Graphic file (type jpg)
<use ./content/paper2/fig/Bm_Ant-Z_98.jpg>
Package pdftex.def Info: ./content/paper2/fig/Bm_Ant-Z_98.jpg  used on input line 66.
(pdftex.def)             Requested size: 189.89871pt x 142.36992pt.
<./content/paper2/fig/Bm_D_173.jpg, id=1203, 878.28125pt x 658.46pt>
File: ./content/paper2/fig/Bm_D_173.jpg Graphic file (type jpg)
<use ./content/paper2/fig/Bm_D_173.jpg>
Package pdftex.def Info: ./content/paper2/fig/Bm_D_173.jpg  used on input line 71.
(pdftex.def)             Requested size: 189.89871pt x 142.36992pt.


LaTeX Warning: `!h' float specifier changed to `!ht'.

[57

]

LaTeX Warning: `!h' float specifier changed to `!ht'.

[58 <./content/paper2/fig/Bm_Ant-A_11.jpg> <./content/paper2/fig/Bm_Ant-B_54.jpg> <./content/paper2/fig/Bm_Ant-Z_98.jpg> <./content/paper2/fig/Bm_D_173.jpg>] [59] [60

]
Overfull \hbox (0.29446pt too wide) in paragraph at lines 158--159
[]\T1/cmr/m/n/10.95 For computational efficiency, the critically down-sampled scattering coefficients are instead
 []

Package acronym Info: Label `acro:gpu' newly defined as it shall be overridden
although it is yet undefined on input line 167.
[61]
<./content/paper2/fig/scattering.png, id=1240, 3126.68124pt x 1324.95pt>
File: ./content/paper2/fig/scattering.png Graphic file (type png)
<use ./content/paper2/fig/scattering.png>
Package pdftex.def Info: ./content/paper2/fig/scattering.png  used on input line 193.
(pdftex.def)             Requested size: 379.79742pt x 160.92798pt.


LaTeX Warning: `h' float specifier changed to `ht'.

[62]
<./content/paper2/fig/fb.jpg, id=1259, 830.10126pt x 291.0875pt>
File: ./content/paper2/fig/fb.jpg Graphic file (type jpg)
<use ./content/paper2/fig/fb.jpg>
Package pdftex.def Info: ./content/paper2/fig/fb.jpg  used on input line 219.
(pdftex.def)             Requested size: 422.0pt x 147.9774pt.


LaTeX Warning: `h' float specifier changed to `ht'.

[63 <./content/paper2/fig/scattering.png>] [64 <./content/paper2/fig/fb.jpg>]
Package acronym Info: Label `acro:psd' newly defined as it shall be overridden
although it is yet undefined on input line 254.
 [65

] [66]
Overfull \hbox (3.58351pt too wide) in paragraph at lines 312--313
[]\T1/cmr/m/n/10.95 Although this allows for normalized measure between 0 and 1, there is still some uncertainty
 []

Package acronym Info: Label `acro:em' newly defined as it shall be overridden
although it is yet undefined on input line 314.

Overfull \hbox (9.99756pt too wide) in paragraph at lines 323--325
\T1/cmr/m/n/10.95 where $\OT1/cmr/m/n/10.95 (\OML/cmm/m/it/10.95 ^^V[]; ^^V[]\OT1/cmr/m/n/10.95 )$ \T1/cmr/m/n/10.95 and $\OT1/cmr/m/n/10.95 (\OML/cmm/m/it/10.95 ^^[[]; ^^[[]\OT1/cmr/m/n/10.95 )$ \T1/cmr/m/n/10.95 are the noise and signal entropy means and variances respectively.
 []

[67]

LaTeX Warning: No positions in optional float specifier.
               Default added (so using `tbp') on input line 397.

Package epstopdf Info: Source file: <./content/paper2/fig/detector_example_2.eps>
(epstopdf)                    date: 2024-05-05 11:58:38
(epstopdf)                    size: 77618 bytes
(epstopdf)             Output file: <./content/paper2/fig/detector_example_2-eps-converted-to.pdf>
(epstopdf)                    date: 2024-05-05 12:13:04
(epstopdf)                    size: 76856 bytes
(epstopdf)             Command: <miktex-epstopdf --outfile=./content/paper2/fig/detector_example_2-eps-converted-to.pdf ./content/paper2/fig/detector_example_2.eps>
(epstopdf)             \includegraphics on input line 399.
Package epstopdf Info: Output file is already uptodate.
<./content/paper2/fig/detector_example_2-eps-converted-to.pdf, id=1307, 561.09625pt x 230.8625pt>
File: ./content/paper2/fig/detector_example_2-eps-converted-to.pdf Graphic file (type pdf)
<use ./content/paper2/fig/detector_example_2-eps-converted-to.pdf>
Package pdftex.def Info: ./content/paper2/fig/detector_example_2-eps-converted-to.pdf  used on input line 399.
(pdftex.def)             Requested size: 422.0pt x 173.62904pt.
Package acronym Info: Label `acro:roc' newly defined as it shall be overridden
although it is yet undefined on input line 461.
[68] [69 <./content/paper2/fig/detector_example_2-eps-converted-to.pdf>]
Package epstopdf Info: Source file: <./content/paper2/fig/roc.eps>
(epstopdf)                    date: 2024-05-05 12:20:34
(epstopdf)                    size: 28320 bytes
(epstopdf)             Output file: <./content/paper2/fig/roc-eps-converted-to.pdf>
(epstopdf)                    date: 2024-05-05 12:21:26
(epstopdf)                    size: 10865 bytes
(epstopdf)             Command: <miktex-epstopdf --outfile=./content/paper2/fig/roc-eps-converted-to.pdf ./content/paper2/fig/roc.eps>
(epstopdf)             \includegraphics on input line 508.
Package epstopdf Info: Output file is already uptodate.
<./content/paper2/fig/roc-eps-converted-to.pdf, id=1332, 263.98625pt x 210.7875pt>
File: ./content/paper2/fig/roc-eps-converted-to.pdf Graphic file (type pdf)
<use ./content/paper2/fig/roc-eps-converted-to.pdf>
Package pdftex.def Info: ./content/paper2/fig/roc-eps-converted-to.pdf  used on input line 508.
(pdftex.def)             Requested size: 189.89871pt x 151.62857pt.
Package epstopdf Info: Source file: <./content/paper2/fig/calls.eps>
(epstopdf)                    date: 2024-05-05 11:58:38
(epstopdf)                    size: 26892 bytes
(epstopdf)             Output file: <./content/paper2/fig/calls-eps-converted-to.pdf>
(epstopdf)                    date: 2024-05-05 12:13:05
(epstopdf)                    size: 10918 bytes
(epstopdf)             Command: <miktex-epstopdf --outfile=./content/paper2/fig/calls-eps-converted-to.pdf ./content/paper2/fig/calls.eps>
(epstopdf)             \includegraphics on input line 514.
Package epstopdf Info: Output file is already uptodate.
<./content/paper2/fig/calls-eps-converted-to.pdf, id=1333, 263.98625pt x 210.7875pt>
File: ./content/paper2/fig/calls-eps-converted-to.pdf Graphic file (type pdf)
<use ./content/paper2/fig/calls-eps-converted-to.pdf>
Package pdftex.def Info: ./content/paper2/fig/calls-eps-converted-to.pdf  used on input line 514.
(pdftex.def)             Requested size: 189.89871pt x 151.62857pt.
 [70 <./content/paper2/fig/roc-eps-converted-to.pdf> <./content/paper2/fig/calls-eps-converted-to.pdf>] [71]
Package acronym Info: Label `acro:lda' newly defined as it shall be overridden
although it is yet undefined on input line 548.

Overfull \hbox (13.39017pt too wide) in paragraph at lines 555--556
\T1/cmr/m/n/10.95 occurs in the same timeframe, with the noise class being assigned if there are no corresponding
 []

[72

]
Package acronym Info: Label `acro:cls' newly defined as it shall be overridden
although it is yet undefined on input line 568.
 [73] [74]

LaTeX Warning: No positions in optional float specifier.
               Default added (so using `tbp') on input line 689.


Overfull \hbox (10.61046pt too wide) in paragraph at lines 780--781
[]\T1/cmr/m/n/10.95 Using Table []5.1[], we estimate that the true accuracies of the models' vocalisation classification
 []

[75]
Overfull \hbox (24.49318pt too wide) in paragraph at lines 784--785
\T1/cmr/m/n/10.95 require temporal information and adjacent frequency information to be extracted. Furthermore,
 []


Overfull \hbox (12.64587pt too wide) in paragraph at lines 784--785
\T1/cmr/m/n/10.95 noise impulse sources may also resemble downsweeps when temporal information is discarded,
 []


Overfull \hbox (0.32233pt too wide) in paragraph at lines 784--785
\T1/cmr/m/n/10.95 reminiscent of [][] operating on spectrogram [[]]. Joint-[][] scattering will greatly improve
 []

[76{/home/marco/.miktex/texmfs/install/fonts/enc/dvips/cm-super/cm-super-ts1.enc}]
Overfull \hbox (4.1419pt too wide) in paragraph at lines 790--791
\T1/cmr/m/n/10.95 investigation is required to determine the practical acceptability of optimised noise rejection
 []


Overfull \hbox (20.91743pt too wide) in paragraph at lines 790--791
\T1/cmr/m/n/10.95 capabilities. The \T1/cmr/m/it/10.95 Bm_Ant_A \T1/cmr/m/n/10.95 and \T1/cmr/m/it/10.95 Bm_Ant_B \T1/cmr/m/n/10.95 models detect many unannotated vocalisations
 []

[77]
Overfull \hbox (0.97961pt too wide) in paragraph at lines 794--795
[]\T1/cmr/m/n/10.95 Our disposal of the time dimension by using the maximum naturally lends our classification
 []

[78] [79

]
Overfull \hbox (4.17279pt too wide) in paragraph at lines 813--814
[]\T1/cmr/m/n/10.95 This paper provides the groundwork required to implement [][]-based classification without
 []

[80] [81

] [82]
Overfull \hbox (2.99307pt too wide) in paragraph at lines 871--893
[][] 
 []

) (content/p3_intro.tex [83

]
Chapter 6.

Overfull \hbox (6.20567pt too wide) in paragraph at lines 8--9
\T1/cmr/m/n/10.95 different wavelets and filterbank construction techniques. This chapter provides an overview
 []

[84

]
Package acronym Info: Label `acro:dwt' newly defined as it shall be overridden
although it is yet undefined on input line 26.
 [85]) (content/paper3/main.tex [86]
Chapter 7.
[87

]
Overfull \hbox (5.09169pt too wide) in paragraph at lines 21--22
[]\T1/cmr/m/n/10.95 At first glance, a [][] decomposition seems to be prohibitively expensive, but fast algorithms
 []


Overfull \hbox (21.8448pt too wide) in paragraph at lines 21--22
\T1/cmr/m/n/10.95 are possible due to the limited bandwidth of filter output. Fast algorithms utilise downsampling
 []


Overfull \hbox (17.62639pt too wide) in paragraph at lines 21--22
\T1/cmr/m/n/10.95 combinations which have negligible energy. These algorithms are the standard implementation
 []

Package acronym Info: Label `acro:fir' newly defined as it shall be overridden
although it is yet undefined on input line 23.
[88

]
Overfull \hbox (7.69112pt too wide) in paragraph at lines 27--28
\T1/cmr/m/n/10.95 separable scattering transform with three-dimensional medical datasets from MedMNIST3D
 []


Overfull \hbox (14.91576pt too wide) in paragraph at lines 27--28
\T1/cmr/m/n/10.95 datasets when combined with a simple [][], while performing comparably to [][] benchmarks
 []


Overfull \hbox (6.22762pt too wide) in paragraph at lines 58--60
\T1/cmr/m/n/10.95 where $\OML/cmm/m/it/10.95 ^^^$ \T1/cmr/m/n/10.95 represents the 1D [][] utilised in scattering computations for the current dimension
 []

[89]
Package acronym Info: Label `acro:std' newly defined as it shall be overridden
although it is yet undefined on input line 75.

Overfull \hbox (11.30786pt too wide) in paragraph at lines 92--93
\T1/cmr/m/n/10.95 negligible, motivating filterbank construction starting at a specified frequency $\OML/cmm/m/it/10.95 ![]$\T1/cmr/m/n/10.95 . Otherwise,
 []

[90]
Package hyperref Info: bookmark level for unknown algorithm defaults to 0 on input line 101.
 [91]
Overfull \hbox (1.8991pt too wide) in paragraph at lines 171--173
\T1/cmr/m/n/10.95 The [][] $\OML/cmm/m/it/10.95 ^^^$ \T1/cmr/m/n/10.95 remains constant throughout the transform. Note that the modulus/magnitude
 []

[92] [93] [94] [95]
Package acronym Info: Label `acro:auc' newly defined as it shall be overridden
although it is yet undefined on input line 332.
 [96]

LaTeX Warning: Float too large for page by 88.01811pt on input line 353.

) (content/conclusion.tex [97] [98]
Chapter 8.
) (/home/marco/Repos/phd/dissertation/build/main.bbl [99

] (/home/marco/.miktex/texmfs/install/tex/latex/stellenbosch-2/stb-bib.eng)
LaTeX Font Info:    Trying to load font information for T1+cmtt on input line 25.
 (/home/marco/.miktex/texmfs/install/tex/latex/base/t1cmtt.fd
File: t1cmtt.fd 2023/04/13 v2.5m Standard LaTeX font definitions
)
Underfull \hbox (badness 1342) in paragraph at lines 62--68
\T1/cmr/m/n/10.95 Available at: []$\T1/cmtt/m/n/10.95 http : / / arxiv . org / abs / 1512 . 02125http : / / dx . doi . org / 10 . 1109 /
 []


Underfull \hbox (badness 1342) in paragraph at lines 72--78
\T1/cmr/m/n/10.95 Available at: []$\T1/cmtt/m/n/10.95 http : / / arxiv . org / abs / 1807 . 08869http : / / dx . doi . org / 10 . 1109 /
 []


Underfull \hbox (badness 3989) in paragraph at lines 88--93
\T1/cmr/m/n/10.95 Available at: []$\T1/cmtt/m/n/10.95 http : / / arxiv . org / abs / 1304 . 6763http : / / dx . doi . org / 10 . 1109 /
 []

[100

]
Underfull \hbox (badness 10000) in paragraph at lines 178--181
\T1/cmr/m/n/10.95 Available at: []$\T1/cmtt/m/n/10.95 https : / / ravensoundsoftware . com / knowledge-[]base /
 []


Underfull \hbox (badness 2005) in paragraph at lines 190--203
[]\T1/cmr/m/n/10.95 Eickenberg, M., Exarchakis, G., Hirn, M. and Mallat, S. (2017).  Solid
 []

[101]
Underfull \hbox (badness 2818) in paragraph at lines 215--222
[]\T1/cmr/m/n/10.95 Fisher, R.A. (1936).  THE USE OF MULTIPLE MEASUREMENTS IN
 []


Underfull \hbox (badness 10000) in paragraph at lines 215--222
\T1/cmr/m/n/10.95 Available at: []$\T1/cmtt/m/n/10.95 https : / / onlinelibrary . wiley . com / doi / abs / 10 . 1111 / j .
 []


Underfull \hbox (badness 10000) in paragraph at lines 266--276
\T1/cmr/m/n/10.95 Available at: []$\T1/cmtt/m/n/10.95 https : / / www . sciencedirect . com / science / article / pii /
 []

[102]
Underfull \hbox (badness 10000) in paragraph at lines 341--349
\T1/cmr/m/n/10.95 Available at: []$\T1/cmtt/m/n/10.95 https : / / www . sciencedirect . com / science / article / pii /
 []


Underfull \hbox (badness 10000) in paragraph at lines 372--379
\T1/cmr/m/n/10.95 Available at: []$\T1/cmtt/m/n/10.95 https : / / www . sciencedirect . com / science / article / pii /
 []

[103] [104]
Underfull \hbox (badness 10000) in paragraph at lines 514--522
\T1/cmr/m/n/10.95 Available at: []$\T1/cmtt/m/n/10.95 https : / / www . sciencedirect . com / science / article / pii /
 []


Underfull \hbox (badness 10000) in paragraph at lines 526--534
\T1/cmr/m/n/10.95 Available at: []$\T1/cmtt/m/n/10.95 https : / / www . sciencedirect . com / science / article / pii /
 []


Underfull \hbox (badness 10000) in paragraph at lines 538--546
\T1/cmr/m/n/10.95 Available at: []$\T1/cmtt/m/n/10.95 https : / / www . sciencedirect . com / science / article / pii /
 []

[105]
Underfull \hbox (badness 10000) in paragraph at lines 575--584
\T1/cmr/m/n/10.95 Available at: []$\T1/cmtt/m/n/10.95 https : / / www . sciencedirect . com / science / article / pii /
 []


Underfull \hbox (badness 10000) in paragraph at lines 593--612
\T1/cmr/m/n/10.95 Available at: []$\T1/cmtt/m/n/10.95 http : / / papers . neurips . cc / paper /
 []


Overfull \hbox (12.31778pt too wide) in paragraph at lines 593--612
\T1/cmtt/m/n/10.95 9015-[]pytorch-[]an-[]imperative-[]style-[]high-[]performance-[]deep-[]learning-[]library .
 []

[106]
Underfull \hbox (badness 10000) in paragraph at lines 665--671
\T1/cmr/m/n/10.95 Available at: []$\T1/cmtt/m/n/10.95 https : / / linkinghub . elsevier . com / retrieve / pii /
 []


Underfull \hbox (badness 10000) in paragraph at lines 703--711
\T1/cmr/m/n/10.95 Available at: []$\T1/cmtt/m/n/10.95 https : / / www . sciencedirect . com / science / article / pii /
 []


Underfull \hbox (badness 10000) in paragraph at lines 730--738
\T1/cmr/m/n/10.95 Available at: []$\T1/cmtt/m/n/10.95 https : / / www . sciencedirect . com / science / article / pii /
 []

[107]
Underfull \hbox (badness 10000) in paragraph at lines 779--786
\T1/cmr/m/n/10.95 Available at: []$\T1/cmtt/m/n/10.95 https : / / www . sciencedirect . com / science / article / pii /
 []


Underfull \hbox (badness 10000) in paragraph at lines 827--835
\T1/cmr/m/n/10.95 Available at: []$\T1/cmtt/m/n/10.95 https : / / www . sciencedirect . com / science / article / pii /
 []


Underfull \hbox (badness 10000) in paragraph at lines 838--846
\T1/cmr/m/n/10.95 Available at: []$\T1/cmtt/m/n/10.95 https : / / pubs . aip . org / jel / article / 3 / 9 / 096002 / 2911548 /
 []

[108]) [109] (/home/marco/Repos/phd/dissertation/build/main.aux)
 ***********
LaTeX2e <2023-11-01> patch level 1
L3 programming layer <2024-04-11>
 ***********


LaTeX Warning: There were multiply-defined labels.

Package rerunfilecheck Info: File `main.out' has not changed.
(rerunfilecheck)             Checksum: DA050C51AC26C66CF9AEEFEDC061C35C;11657.
 )
(\end occurred inside a group at level 1)

### simple group (level 1) entered at line 44 ({)
### bottom level 
Here is how much of TeX's memory you used:
 29594 strings out of 476305
 543832 string characters out of 5792265
 1949751 words of memory out of 5000000
 50676 multiletter control sequences out of 15000+600000
 594624 words of font info for 132 fonts, out of 8000000 for 9000
 0 hyphenation exceptions out of 8191
 99i,14n,107p,1543b,1171s stack positions out of 10000i,1000n,20000p,200000b,200000s
</home/marco/.miktex/texmfs/install/fonts/type1/public/amsfonts/cm/cmbx10.pfb></home/marco/.miktex/texmfs/install/fonts/type1/public/amsfonts/cm/cmbx8.pfb></home/marco/.miktex/texmfs/install/fonts/type1/public/amsfonts/cm/cmex10.pfb></home/marco/.miktex/texmfs/install/fonts/type1/public/amsfonts/cmextra/cmex8.pfb></home/marco/.miktex/texmfs/install/fonts/type1/public/amsfonts/cm/cmmi10.pfb></home/marco/.miktex/texmfs/install/fonts/type1/public/amsfonts/cm/cmmi6.pfb></home/marco/.miktex/texmfs/install/fonts/type1/public/amsfonts/cm/cmmi8.pfb></home/marco/.miktex/texmfs/install/fonts/type1/public/amsfonts/cm/cmmib10.pfb></home/marco/.miktex/texmfs/install/fonts/type1/public/amsfonts/cmextra/cmmib8.pfb></home/marco/.miktex/texmfs/install/fonts/type1/public/amsfonts/cm/cmr10.pfb></home/marco/.miktex/texmfs/install/fonts/type1/public/amsfonts/cm/cmr6.pfb></home/marco/.miktex/texmfs/install/fonts/type1/public/amsfonts/cm/cmr8.pfb></home/marco/.miktex/texmfs/install/fonts/type1/public/amsfonts/cm/cmsy10.pfb></home/marco/.miktex/texmfs/install/fonts/type1/public/amsfonts/cm/cmsy6.pfb></home/marco/.miktex/texmfs/install/fonts/type1/public/amsfonts/cm/cmsy8.pfb></home/marco/.miktex/texmfs/install/fonts/type1/public/amsfonts/euler/eurm10.pfb></home/marco/.miktex/texmfs/install/fonts/type1/public/amsfonts/symbols/msam10.pfb></home/marco/.miktex/texmfs/install/fonts/type1/public/amsfonts/symbols/msbm10.pfb></home/marco/.miktex/texmfs/install/fonts/type1/public/cm-super/sfbx1000.pfb></home/marco/.miktex/texmfs/install/fonts/type1/public/cm-super/sfbx1095.pfb></home/marco/.miktex/texmfs/install/fonts/type1/public/cm-super/sfbx1200.pfb></home/marco/.miktex/texmfs/install/fonts/type1/public/cm-super/sfbx1440.pfb></home/marco/.miktex/texmfs/install/fonts/type1/public/cm-super/sfbx1728.pfb></home/marco/.miktex/texmfs/install/fonts/type1/public/cm-super/sfrm0600.pfb></home/marco/.miktex/texmfs/install/fonts/type1/public/cm-super/sfrm0800.pfb></home/marco/.miktex/texmfs/install/fonts/type1/public/cm-super/sfrm0900.pfb></home/marco/.miktex/texmfs/install/fonts/type1/public/cm-super/sfrm1000.pfb></home/marco/.miktex/texmfs/install/fonts/type1/public/cm-super/sfrm1095.pfb></home/marco/.miktex/texmfs/install/fonts/type1/public/cm-super/sfrm1200.pfb></home/marco/.miktex/texmfs/install/fonts/type1/public/cm-super/sfrm1440.pfb></home/marco/.miktex/texmfs/install/fonts/type1/public/cm-super/sfsl1000.pfb></home/marco/.miktex/texmfs/install/fonts/type1/public/cm-super/sfsl1200.pfb></home/marco/.miktex/texmfs/install/fonts/type1/public/cm-super/sfti0900.pfb></home/marco/.miktex/texmfs/install/fonts/type1/public/cm-super/sfti1000.pfb></home/marco/.miktex/texmfs/install/fonts/type1/public/cm-super/sfti1095.pfb></home/marco/.miktex/texmfs/install/fonts/type1/public/cm-super/sftt1095.pfb></home/marco/.miktex/texmfs/install/fonts/type1/public/cm-super/sfxc1440.pfb>
Output written on /home/marco/Repos/phd/dissertation/build/main.pdf (110 pages, 3542955 bytes).
PDF statistics:
 1998 PDF objects out of 2073 (max. 8388607)
 455 named destinations out of 1000 (max. 500000)
 759 words of extra memory for PDF output out of 10000 (max. 10000000)

